Determining if the pthread_create exist failed with the following output:
Change Dir: /home/sankul/Hawk-VLDBJ-master/source/CMakeFiles/CMakeTmp

Run Build Command:"/usr/bin/make" "cmTC_79c65/fast"
/usr/bin/make -f CMakeFiles/cmTC_79c65.dir/build.make CMakeFiles/cmTC_79c65.dir/build
make[1]: Entering directory '/home/sankul/Hawk-VLDBJ-master/source/CMakeFiles/CMakeTmp'
Building C object CMakeFiles/cmTC_79c65.dir/CheckSymbolExists.c.o
/usr/bin/cc    -o CMakeFiles/cmTC_79c65.dir/CheckSymbolExists.c.o   -c /home/sankul/Hawk-VLDBJ-master/source/CMakeFiles/CMakeTmp/CheckSymbolExists.c
Linking C executable cmTC_79c65
/usr/bin/cmake -E cmake_link_script CMakeFiles/cmTC_79c65.dir/link.txt --verbose=1
/usr/bin/cc      -rdynamic CMakeFiles/cmTC_79c65.dir/CheckSymbolExists.c.o  -o cmTC_79c65 
CMakeFiles/cmTC_79c65.dir/CheckSymbolExists.c.o: In function `main':
CheckSymbolExists.c:(.text+0x1b): undefined reference to `pthread_create'
collect2: error: ld returned 1 exit status
CMakeFiles/cmTC_79c65.dir/build.make:97: recipe for target 'cmTC_79c65' failed
make[1]: *** [cmTC_79c65] Error 1
make[1]: Leaving directory '/home/sankul/Hawk-VLDBJ-master/source/CMakeFiles/CMakeTmp'
Makefile:126: recipe for target 'cmTC_79c65/fast' failed
make: *** [cmTC_79c65/fast] Error 2

File /home/sankul/Hawk-VLDBJ-master/source/CMakeFiles/CMakeTmp/CheckSymbolExists.c:
/* */
#include <pthread.h>

int main(int argc, char** argv)
{
  (void)argv;
#ifndef pthread_create
  return ((int*)(&pthread_create))[argc];
#else
  (void)argc;
  return 0;
#endif
}

Determining if the function pthread_create exists in the pthreads failed with the following output:
Change Dir: /home/sankul/Hawk-VLDBJ-master/source/CMakeFiles/CMakeTmp

Run Build Command:"/usr/bin/make" "cmTC_d0bd8/fast"
/usr/bin/make -f CMakeFiles/cmTC_d0bd8.dir/build.make CMakeFiles/cmTC_d0bd8.dir/build
make[1]: Entering directory '/home/sankul/Hawk-VLDBJ-master/source/CMakeFiles/CMakeTmp'
Building C object CMakeFiles/cmTC_d0bd8.dir/CheckFunctionExists.c.o
/usr/bin/cc   -DCHECK_FUNCTION_EXISTS=pthread_create   -o CMakeFiles/cmTC_d0bd8.dir/CheckFunctionExists.c.o   -c /usr/share/cmake-3.10/Modules/CheckFunctionExists.c
Linking C executable cmTC_d0bd8
/usr/bin/cmake -E cmake_link_script CMakeFiles/cmTC_d0bd8.dir/link.txt --verbose=1
/usr/bin/cc  -DCHECK_FUNCTION_EXISTS=pthread_create    -rdynamic CMakeFiles/cmTC_d0bd8.dir/CheckFunctionExists.c.o  -o cmTC_d0bd8 -lpthreads 
/usr/bin/ld: cannot find -lpthreads
collect2: error: ld returned 1 exit status
CMakeFiles/cmTC_d0bd8.dir/build.make:97: recipe for target 'cmTC_d0bd8' failed
make[1]: *** [cmTC_d0bd8] Error 1
make[1]: Leaving directory '/home/sankul/Hawk-VLDBJ-master/source/CMakeFiles/CMakeTmp'
Makefile:126: recipe for target 'cmTC_d0bd8/fast' failed
make: *** [cmTC_d0bd8/fast] Error 2


Determining if the cudaMemGetInfo exist failed with the following output:
Change Dir: /home/sankul/Hawk-VLDBJ-master/source/CMakeFiles/CMakeTmp

Run Build Command:"/usr/bin/make" "cmTC_c19b4/fast"
/usr/bin/make -f CMakeFiles/cmTC_c19b4.dir/build.make CMakeFiles/cmTC_c19b4.dir/build
make[1]: Entering directory '/home/sankul/Hawk-VLDBJ-master/source/CMakeFiles/CMakeTmp'
Building C object CMakeFiles/cmTC_c19b4.dir/CheckSymbolExists.c.o
/usr/bin/cc    -o CMakeFiles/cmTC_c19b4.dir/CheckSymbolExists.c.o   -c /home/sankul/Hawk-VLDBJ-master/source/CMakeFiles/CMakeTmp/CheckSymbolExists.c
Linking C executable cmTC_c19b4
/usr/bin/cmake -E cmake_link_script CMakeFiles/cmTC_c19b4.dir/link.txt --verbose=1
/usr/bin/cc      -rdynamic CMakeFiles/cmTC_c19b4.dir/CheckSymbolExists.c.o  -o cmTC_c19b4 
CMakeFiles/cmTC_c19b4.dir/CheckSymbolExists.c.o: In function `main':
CheckSymbolExists.c:(.text+0x1b): undefined reference to `cudaMemGetInfo'
collect2: error: ld returned 1 exit status
CMakeFiles/cmTC_c19b4.dir/build.make:97: recipe for target 'cmTC_c19b4' failed
make[1]: *** [cmTC_c19b4] Error 1
make[1]: Leaving directory '/home/sankul/Hawk-VLDBJ-master/source/CMakeFiles/CMakeTmp'
Makefile:126: recipe for target 'cmTC_c19b4/fast' failed
make: *** [cmTC_c19b4/fast] Error 2

File /home/sankul/Hawk-VLDBJ-master/source/CMakeFiles/CMakeTmp/CheckSymbolExists.c:
/* */
#include <cuda.h>
#include <cuda_runtime_api.h>

int main(int argc, char** argv)
{
  (void)argv;
#ifndef cudaMemGetInfo
  return ((int*)(&cudaMemGetInfo))[argc];
#else
  (void)argc;
  return 0;
#endif
}

Determining if the cudaMemGetInfo exist failed with the following output:
Change Dir: /home/sankul/Hawk-VLDBJ-master/source/CMakeFiles/CMakeTmp

Run Build Command:"/usr/bin/make" "cmTC_eee0a/fast"
/usr/bin/make -f CMakeFiles/cmTC_eee0a.dir/build.make CMakeFiles/cmTC_eee0a.dir/build
make[1]: Entering directory '/home/sankul/Hawk-VLDBJ-master/source/CMakeFiles/CMakeTmp'
Building C object CMakeFiles/cmTC_eee0a.dir/CheckSymbolExists.c.o
/usr/bin/cc    -o CMakeFiles/cmTC_eee0a.dir/CheckSymbolExists.c.o   -c /home/sankul/Hawk-VLDBJ-master/source/CMakeFiles/CMakeTmp/CheckSymbolExists.c
Linking C executable cmTC_eee0a
/usr/bin/cmake -E cmake_link_script CMakeFiles/cmTC_eee0a.dir/link.txt --verbose=1
/usr/bin/cc      -rdynamic CMakeFiles/cmTC_eee0a.dir/CheckSymbolExists.c.o  -o cmTC_eee0a 
CMakeFiles/cmTC_eee0a.dir/CheckSymbolExists.c.o: In function `main':
CheckSymbolExists.c:(.text+0x1b): undefined reference to `cudaMemGetInfo'
collect2: error: ld returned 1 exit status
CMakeFiles/cmTC_eee0a.dir/build.make:97: recipe for target 'cmTC_eee0a' failed
make[1]: *** [cmTC_eee0a] Error 1
make[1]: Leaving directory '/home/sankul/Hawk-VLDBJ-master/source/CMakeFiles/CMakeTmp'
Makefile:126: recipe for target 'cmTC_eee0a/fast' failed
make: *** [cmTC_eee0a/fast] Error 2

File /home/sankul/Hawk-VLDBJ-master/source/CMakeFiles/CMakeTmp/CheckSymbolExists.c:
/* */
#include <cuda.h>
#include <cuda_runtime_api.h>

int main(int argc, char** argv)
{
  (void)argv;
#ifndef cudaMemGetInfo
  return ((int*)(&cudaMemGetInfo))[argc];
#else
  (void)argc;
  return 0;
#endif
}

Determining if the include file rapidjson/schema.h exists failed with the following output:
Change Dir: /home/sankul/Hawk-VLDBJ-master/source/CMakeFiles/CMakeTmp

Run Build Command:"/usr/bin/make" "cmTC_c8cfc/fast"
/usr/bin/make -f CMakeFiles/cmTC_c8cfc.dir/build.make CMakeFiles/cmTC_c8cfc.dir/build
make[1]: Entering directory '/home/sankul/Hawk-VLDBJ-master/source/CMakeFiles/CMakeTmp'
Building CXX object CMakeFiles/cmTC_c8cfc.dir/CheckIncludeFile.cxx.o
/usr/bin/c++    -fopenmp -I/usr/lib/llvm-6.0/include   -D_GNU_SOURCE -D__STDC_CONSTANT_MACROS -D__STDC_FORMAT_MACROS -D__STDC_LIMIT_MACROS    -o CMakeFiles/cmTC_c8cfc.dir/CheckIncludeFile.cxx.o -c /home/sankul/Hawk-VLDBJ-master/source/CMakeFiles/CMakeTmp/CheckIncludeFile.cxx
/home/sankul/Hawk-VLDBJ-master/source/CMakeFiles/CMakeTmp/CheckIncludeFile.cxx:1:10: fatal error: rapidjson/schema.h: No such file or directory
 #include <rapidjson/schema.h>
          ^~~~~~~~~~~~~~~~~~~~
compilation terminated.
CMakeFiles/cmTC_c8cfc.dir/build.make:65: recipe for target 'CMakeFiles/cmTC_c8cfc.dir/CheckIncludeFile.cxx.o' failed
make[1]: *** [CMakeFiles/cmTC_c8cfc.dir/CheckIncludeFile.cxx.o] Error 1
make[1]: Leaving directory '/home/sankul/Hawk-VLDBJ-master/source/CMakeFiles/CMakeTmp'
Makefile:126: recipe for target 'cmTC_c8cfc/fast' failed
make: *** [cmTC_c8cfc/fast] Error 2


Determining if the cudaMemGetInfo exist failed with the following output:
Change Dir: /home/sankul/Hawk-VLDBJ-master/source/CMakeFiles/CMakeTmp

Run Build Command:"/usr/bin/make" "cmTC_f7de8/fast"
/usr/bin/make -f CMakeFiles/cmTC_f7de8.dir/build.make CMakeFiles/cmTC_f7de8.dir/build
make[1]: Entering directory '/home/sankul/Hawk-VLDBJ-master/source/CMakeFiles/CMakeTmp'
Building C object CMakeFiles/cmTC_f7de8.dir/CheckSymbolExists.c.o
/usr/bin/cc    -o CMakeFiles/cmTC_f7de8.dir/CheckSymbolExists.c.o   -c /home/sankul/Hawk-VLDBJ-master/source/CMakeFiles/CMakeTmp/CheckSymbolExists.c
Linking C executable cmTC_f7de8
/usr/bin/cmake -E cmake_link_script CMakeFiles/cmTC_f7de8.dir/link.txt --verbose=1
/usr/bin/cc      -rdynamic CMakeFiles/cmTC_f7de8.dir/CheckSymbolExists.c.o  -o cmTC_f7de8 
CMakeFiles/cmTC_f7de8.dir/CheckSymbolExists.c.o: In function `main':
CheckSymbolExists.c:(.text+0x1b): undefined reference to `cudaMemGetInfo'
collect2: error: ld returned 1 exit status
CMakeFiles/cmTC_f7de8.dir/build.make:97: recipe for target 'cmTC_f7de8' failed
make[1]: *** [cmTC_f7de8] Error 1
make[1]: Leaving directory '/home/sankul/Hawk-VLDBJ-master/source/CMakeFiles/CMakeTmp'
Makefile:126: recipe for target 'cmTC_f7de8/fast' failed
make: *** [cmTC_f7de8/fast] Error 2

File /home/sankul/Hawk-VLDBJ-master/source/CMakeFiles/CMakeTmp/CheckSymbolExists.c:
/* */
#include <cuda.h>
#include <cuda_runtime_api.h>

int main(int argc, char** argv)
{
  (void)argv;
#ifndef cudaMemGetInfo
  return ((int*)(&cudaMemGetInfo))[argc];
#else
  (void)argc;
  return 0;
#endif
}

Determining if the cudaMemGetInfo exist failed with the following output:
Change Dir: /home/sankul/Hawk-VLDBJ-master/source/CMakeFiles/CMakeTmp

Run Build Command:"/usr/bin/make" "cmTC_493c8/fast"
/usr/bin/make -f CMakeFiles/cmTC_493c8.dir/build.make CMakeFiles/cmTC_493c8.dir/build
make[1]: Entering directory '/home/sankul/Hawk-VLDBJ-master/source/CMakeFiles/CMakeTmp'
Building C object CMakeFiles/cmTC_493c8.dir/CheckSymbolExists.c.o
/usr/bin/cc    -o CMakeFiles/cmTC_493c8.dir/CheckSymbolExists.c.o   -c /home/sankul/Hawk-VLDBJ-master/source/CMakeFiles/CMakeTmp/CheckSymbolExists.c
Linking C executable cmTC_493c8
/usr/bin/cmake -E cmake_link_script CMakeFiles/cmTC_493c8.dir/link.txt --verbose=1
/usr/bin/cc      -rdynamic CMakeFiles/cmTC_493c8.dir/CheckSymbolExists.c.o  -o cmTC_493c8 
CMakeFiles/cmTC_493c8.dir/CheckSymbolExists.c.o: In function `main':
CheckSymbolExists.c:(.text+0x1b): undefined reference to `cudaMemGetInfo'
collect2: error: ld returned 1 exit status
CMakeFiles/cmTC_493c8.dir/build.make:97: recipe for target 'cmTC_493c8' failed
make[1]: *** [cmTC_493c8] Error 1
make[1]: Leaving directory '/home/sankul/Hawk-VLDBJ-master/source/CMakeFiles/CMakeTmp'
Makefile:126: recipe for target 'cmTC_493c8/fast' failed
make: *** [cmTC_493c8/fast] Error 2

File /home/sankul/Hawk-VLDBJ-master/source/CMakeFiles/CMakeTmp/CheckSymbolExists.c:
/* */
#include <cuda.h>
#include <cuda_runtime_api.h>

int main(int argc, char** argv)
{
  (void)argv;
#ifndef cudaMemGetInfo
  return ((int*)(&cudaMemGetInfo))[argc];
#else
  (void)argc;
  return 0;
#endif
}

Determining if the cudaMemGetInfo exist failed with the following output:
Change Dir: /home/sankul/Hawk-VLDBJ-master/source/CMakeFiles/CMakeTmp

Run Build Command:"/usr/bin/make" "cmTC_76a13/fast"
/usr/bin/make -f CMakeFiles/cmTC_76a13.dir/build.make CMakeFiles/cmTC_76a13.dir/build
make[1]: Entering directory '/home/sankul/Hawk-VLDBJ-master/source/CMakeFiles/CMakeTmp'
Building C object CMakeFiles/cmTC_76a13.dir/CheckSymbolExists.c.o
/usr/bin/cc    -o CMakeFiles/cmTC_76a13.dir/CheckSymbolExists.c.o   -c /home/sankul/Hawk-VLDBJ-master/source/CMakeFiles/CMakeTmp/CheckSymbolExists.c
Linking C executable cmTC_76a13
/usr/bin/cmake -E cmake_link_script CMakeFiles/cmTC_76a13.dir/link.txt --verbose=1
/usr/bin/cc      -rdynamic CMakeFiles/cmTC_76a13.dir/CheckSymbolExists.c.o  -o cmTC_76a13 
CMakeFiles/cmTC_76a13.dir/CheckSymbolExists.c.o: In function `main':
CheckSymbolExists.c:(.text+0x1b): undefined reference to `cudaMemGetInfo'
collect2: error: ld returned 1 exit status
CMakeFiles/cmTC_76a13.dir/build.make:97: recipe for target 'cmTC_76a13' failed
make[1]: *** [cmTC_76a13] Error 1
make[1]: Leaving directory '/home/sankul/Hawk-VLDBJ-master/source/CMakeFiles/CMakeTmp'
Makefile:126: recipe for target 'cmTC_76a13/fast' failed
make: *** [cmTC_76a13/fast] Error 2

File /home/sankul/Hawk-VLDBJ-master/source/CMakeFiles/CMakeTmp/CheckSymbolExists.c:
/* */
#include <cuda.h>
#include <cuda_runtime_api.h>

int main(int argc, char** argv)
{
  (void)argv;
#ifndef cudaMemGetInfo
  return ((int*)(&cudaMemGetInfo))[argc];
#else
  (void)argc;
  return 0;
#endif
}

Determining if the pthread_create exist failed with the following output:
Change Dir: /home/sankul/Hawk-VLDBJ-master/source/CMakeFiles/CMakeTmp

Run Build Command:"/usr/bin/make" "cmTC_f6dd8/fast"
/usr/bin/make -f CMakeFiles/cmTC_f6dd8.dir/build.make CMakeFiles/cmTC_f6dd8.dir/build
make[1]: Entering directory '/home/sankul/Hawk-VLDBJ-master/source/CMakeFiles/CMakeTmp'
Building C object CMakeFiles/cmTC_f6dd8.dir/CheckSymbolExists.c.o
/usr/bin/cc    -o CMakeFiles/cmTC_f6dd8.dir/CheckSymbolExists.c.o   -c /home/sankul/Hawk-VLDBJ-master/source/CMakeFiles/CMakeTmp/CheckSymbolExists.c
Linking C executable cmTC_f6dd8
/usr/bin/cmake -E cmake_link_script CMakeFiles/cmTC_f6dd8.dir/link.txt --verbose=1
/usr/bin/cc      -rdynamic CMakeFiles/cmTC_f6dd8.dir/CheckSymbolExists.c.o  -o cmTC_f6dd8 
CMakeFiles/cmTC_f6dd8.dir/CheckSymbolExists.c.o: In function `main':
CheckSymbolExists.c:(.text+0x1b): undefined reference to `pthread_create'
collect2: error: ld returned 1 exit status
CMakeFiles/cmTC_f6dd8.dir/build.make:97: recipe for target 'cmTC_f6dd8' failed
make[1]: *** [cmTC_f6dd8] Error 1
make[1]: Leaving directory '/home/sankul/Hawk-VLDBJ-master/source/CMakeFiles/CMakeTmp'
Makefile:126: recipe for target 'cmTC_f6dd8/fast' failed
make: *** [cmTC_f6dd8/fast] Error 2

File /home/sankul/Hawk-VLDBJ-master/source/CMakeFiles/CMakeTmp/CheckSymbolExists.c:
/* */
#include <pthread.h>

int main(int argc, char** argv)
{
  (void)argv;
#ifndef pthread_create
  return ((int*)(&pthread_create))[argc];
#else
  (void)argc;
  return 0;
#endif
}

Determining if the function pthread_create exists in the pthreads failed with the following output:
Change Dir: /home/sankul/Hawk-VLDBJ-master/source/CMakeFiles/CMakeTmp

Run Build Command:"/usr/bin/make" "cmTC_366a9/fast"
/usr/bin/make -f CMakeFiles/cmTC_366a9.dir/build.make CMakeFiles/cmTC_366a9.dir/build
make[1]: Entering directory '/home/sankul/Hawk-VLDBJ-master/source/CMakeFiles/CMakeTmp'
Building C object CMakeFiles/cmTC_366a9.dir/CheckFunctionExists.c.o
/usr/bin/cc   -DCHECK_FUNCTION_EXISTS=pthread_create   -o CMakeFiles/cmTC_366a9.dir/CheckFunctionExists.c.o   -c /usr/share/cmake-3.10/Modules/CheckFunctionExists.c
Linking C executable cmTC_366a9
/usr/bin/cmake -E cmake_link_script CMakeFiles/cmTC_366a9.dir/link.txt --verbose=1
/usr/bin/cc  -DCHECK_FUNCTION_EXISTS=pthread_create    -rdynamic CMakeFiles/cmTC_366a9.dir/CheckFunctionExists.c.o  -o cmTC_366a9 -lpthreads 
/usr/bin/ld: cannot find -lpthreads
collect2: error: ld returned 1 exit status
CMakeFiles/cmTC_366a9.dir/build.make:97: recipe for target 'cmTC_366a9' failed
make[1]: *** [cmTC_366a9] Error 1
make[1]: Leaving directory '/home/sankul/Hawk-VLDBJ-master/source/CMakeFiles/CMakeTmp'
Makefile:126: recipe for target 'cmTC_366a9/fast' failed
make: *** [cmTC_366a9/fast] Error 2


Determining if the cudaMemGetInfo exist failed with the following output:
Change Dir: /home/sankul/Hawk-VLDBJ-master/source/CMakeFiles/CMakeTmp

Run Build Command:"/usr/bin/make" "cmTC_eb29e/fast"
/usr/bin/make -f CMakeFiles/cmTC_eb29e.dir/build.make CMakeFiles/cmTC_eb29e.dir/build
make[1]: Entering directory '/home/sankul/Hawk-VLDBJ-master/source/CMakeFiles/CMakeTmp'
Building C object CMakeFiles/cmTC_eb29e.dir/CheckSymbolExists.c.o
/usr/bin/cc    -o CMakeFiles/cmTC_eb29e.dir/CheckSymbolExists.c.o   -c /home/sankul/Hawk-VLDBJ-master/source/CMakeFiles/CMakeTmp/CheckSymbolExists.c
Linking C executable cmTC_eb29e
/usr/bin/cmake -E cmake_link_script CMakeFiles/cmTC_eb29e.dir/link.txt --verbose=1
/usr/bin/cc      -rdynamic CMakeFiles/cmTC_eb29e.dir/CheckSymbolExists.c.o  -o cmTC_eb29e 
CMakeFiles/cmTC_eb29e.dir/CheckSymbolExists.c.o: In function `main':
CheckSymbolExists.c:(.text+0x1b): undefined reference to `cudaMemGetInfo'
collect2: error: ld returned 1 exit status
CMakeFiles/cmTC_eb29e.dir/build.make:97: recipe for target 'cmTC_eb29e' failed
make[1]: *** [cmTC_eb29e] Error 1
make[1]: Leaving directory '/home/sankul/Hawk-VLDBJ-master/source/CMakeFiles/CMakeTmp'
Makefile:126: recipe for target 'cmTC_eb29e/fast' failed
make: *** [cmTC_eb29e/fast] Error 2

File /home/sankul/Hawk-VLDBJ-master/source/CMakeFiles/CMakeTmp/CheckSymbolExists.c:
/* */
#include <cuda.h>
#include <cuda_runtime_api.h>

int main(int argc, char** argv)
{
  (void)argv;
#ifndef cudaMemGetInfo
  return ((int*)(&cudaMemGetInfo))[argc];
#else
  (void)argc;
  return 0;
#endif
}

Determining if the include file rapidjson/schema.h exists failed with the following output:
Change Dir: /home/sankul/Hawk-VLDBJ-master/source/CMakeFiles/CMakeTmp

Run Build Command:"/usr/bin/make" "cmTC_0f235/fast"
/usr/bin/make -f CMakeFiles/cmTC_0f235.dir/build.make CMakeFiles/cmTC_0f235.dir/build
make[1]: Entering directory '/home/sankul/Hawk-VLDBJ-master/source/CMakeFiles/CMakeTmp'
Building CXX object CMakeFiles/cmTC_0f235.dir/CheckIncludeFile.cxx.o
/usr/bin/c++    -fopenmp -I/usr/lib/llvm-3.6/include  -DNDEBUG -D_GNU_SOURCE -D__STDC_CONSTANT_MACROS -D__STDC_FORMAT_MACROS -D__STDC_LIMIT_MACROS    -o CMakeFiles/cmTC_0f235.dir/CheckIncludeFile.cxx.o -c /home/sankul/Hawk-VLDBJ-master/source/CMakeFiles/CMakeTmp/CheckIncludeFile.cxx
/home/sankul/Hawk-VLDBJ-master/source/CMakeFiles/CMakeTmp/CheckIncludeFile.cxx:1:10: fatal error: rapidjson/schema.h: No such file or directory
 #include <rapidjson/schema.h>
          ^~~~~~~~~~~~~~~~~~~~
compilation terminated.
CMakeFiles/cmTC_0f235.dir/build.make:65: recipe for target 'CMakeFiles/cmTC_0f235.dir/CheckIncludeFile.cxx.o' failed
make[1]: *** [CMakeFiles/cmTC_0f235.dir/CheckIncludeFile.cxx.o] Error 1
make[1]: Leaving directory '/home/sankul/Hawk-VLDBJ-master/source/CMakeFiles/CMakeTmp'
Makefile:126: recipe for target 'cmTC_0f235/fast' failed
make: *** [cmTC_0f235/fast] Error 2


Determining if the cudaMemGetInfo exist failed with the following output:
Change Dir: /home/sankul/Hawk-VLDBJ-master/source/CMakeFiles/CMakeTmp

Run Build Command:"/usr/bin/make" "cmTC_d7e02/fast"
/usr/bin/make -f CMakeFiles/cmTC_d7e02.dir/build.make CMakeFiles/cmTC_d7e02.dir/build
make[1]: Entering directory '/home/sankul/Hawk-VLDBJ-master/source/CMakeFiles/CMakeTmp'
Building C object CMakeFiles/cmTC_d7e02.dir/CheckSymbolExists.c.o
/usr/bin/cc    -o CMakeFiles/cmTC_d7e02.dir/CheckSymbolExists.c.o   -c /home/sankul/Hawk-VLDBJ-master/source/CMakeFiles/CMakeTmp/CheckSymbolExists.c
Linking C executable cmTC_d7e02
/usr/bin/cmake -E cmake_link_script CMakeFiles/cmTC_d7e02.dir/link.txt --verbose=1
/usr/bin/cc      -rdynamic CMakeFiles/cmTC_d7e02.dir/CheckSymbolExists.c.o  -o cmTC_d7e02 
CMakeFiles/cmTC_d7e02.dir/CheckSymbolExists.c.o: In function `main':
CheckSymbolExists.c:(.text+0x1b): undefined reference to `cudaMemGetInfo'
collect2: error: ld returned 1 exit status
CMakeFiles/cmTC_d7e02.dir/build.make:97: recipe for target 'cmTC_d7e02' failed
make[1]: *** [cmTC_d7e02] Error 1
make[1]: Leaving directory '/home/sankul/Hawk-VLDBJ-master/source/CMakeFiles/CMakeTmp'
Makefile:126: recipe for target 'cmTC_d7e02/fast' failed
make: *** [cmTC_d7e02/fast] Error 2

File /home/sankul/Hawk-VLDBJ-master/source/CMakeFiles/CMakeTmp/CheckSymbolExists.c:
/* */
#include <cuda.h>
#include <cuda_runtime_api.h>

int main(int argc, char** argv)
{
  (void)argv;
#ifndef cudaMemGetInfo
  return ((int*)(&cudaMemGetInfo))[argc];
#else
  (void)argc;
  return 0;
#endif
}

Determining if the pthread_create exist failed with the following output:
Change Dir: /home/sankul/Hawk-VLDBJ-master/source/CMakeFiles/CMakeTmp

Run Build Command:"/usr/bin/make" "cmTC_1dd9a/fast"
/usr/bin/make -f CMakeFiles/cmTC_1dd9a.dir/build.make CMakeFiles/cmTC_1dd9a.dir/build
make[1]: Entering directory '/home/sankul/Hawk-VLDBJ-master/source/CMakeFiles/CMakeTmp'
Building C object CMakeFiles/cmTC_1dd9a.dir/CheckSymbolExists.c.o
/usr/bin/cc    -o CMakeFiles/cmTC_1dd9a.dir/CheckSymbolExists.c.o   -c /home/sankul/Hawk-VLDBJ-master/source/CMakeFiles/CMakeTmp/CheckSymbolExists.c
Linking C executable cmTC_1dd9a
/usr/bin/cmake -E cmake_link_script CMakeFiles/cmTC_1dd9a.dir/link.txt --verbose=1
/usr/bin/cc      -rdynamic CMakeFiles/cmTC_1dd9a.dir/CheckSymbolExists.c.o  -o cmTC_1dd9a 
CMakeFiles/cmTC_1dd9a.dir/CheckSymbolExists.c.o: In function `main':
CheckSymbolExists.c:(.text+0x1b): undefined reference to `pthread_create'
collect2: error: ld returned 1 exit status
CMakeFiles/cmTC_1dd9a.dir/build.make:97: recipe for target 'cmTC_1dd9a' failed
make[1]: *** [cmTC_1dd9a] Error 1
make[1]: Leaving directory '/home/sankul/Hawk-VLDBJ-master/source/CMakeFiles/CMakeTmp'
Makefile:126: recipe for target 'cmTC_1dd9a/fast' failed
make: *** [cmTC_1dd9a/fast] Error 2

File /home/sankul/Hawk-VLDBJ-master/source/CMakeFiles/CMakeTmp/CheckSymbolExists.c:
/* */
#include <pthread.h>

int main(int argc, char** argv)
{
  (void)argv;
#ifndef pthread_create
  return ((int*)(&pthread_create))[argc];
#else
  (void)argc;
  return 0;
#endif
}

Determining if the function pthread_create exists in the pthreads failed with the following output:
Change Dir: /home/sankul/Hawk-VLDBJ-master/source/CMakeFiles/CMakeTmp

Run Build Command:"/usr/bin/make" "cmTC_7927b/fast"
/usr/bin/make -f CMakeFiles/cmTC_7927b.dir/build.make CMakeFiles/cmTC_7927b.dir/build
make[1]: Entering directory '/home/sankul/Hawk-VLDBJ-master/source/CMakeFiles/CMakeTmp'
Building C object CMakeFiles/cmTC_7927b.dir/CheckFunctionExists.c.o
/usr/bin/cc   -DCHECK_FUNCTION_EXISTS=pthread_create   -o CMakeFiles/cmTC_7927b.dir/CheckFunctionExists.c.o   -c /usr/share/cmake-3.10/Modules/CheckFunctionExists.c
Linking C executable cmTC_7927b
/usr/bin/cmake -E cmake_link_script CMakeFiles/cmTC_7927b.dir/link.txt --verbose=1
/usr/bin/cc  -DCHECK_FUNCTION_EXISTS=pthread_create    -rdynamic CMakeFiles/cmTC_7927b.dir/CheckFunctionExists.c.o  -o cmTC_7927b -lpthreads 
/usr/bin/ld: cannot find -lpthreads
collect2: error: ld returned 1 exit status
CMakeFiles/cmTC_7927b.dir/build.make:97: recipe for target 'cmTC_7927b' failed
make[1]: *** [cmTC_7927b] Error 1
make[1]: Leaving directory '/home/sankul/Hawk-VLDBJ-master/source/CMakeFiles/CMakeTmp'
Makefile:126: recipe for target 'cmTC_7927b/fast' failed
make: *** [cmTC_7927b/fast] Error 2


Determining if the cudaMemGetInfo exist failed with the following output:
Change Dir: /home/sankul/Hawk-VLDBJ-master/source/CMakeFiles/CMakeTmp

Run Build Command:"/usr/bin/make" "cmTC_38503/fast"
/usr/bin/make -f CMakeFiles/cmTC_38503.dir/build.make CMakeFiles/cmTC_38503.dir/build
make[1]: Entering directory '/home/sankul/Hawk-VLDBJ-master/source/CMakeFiles/CMakeTmp'
Building C object CMakeFiles/cmTC_38503.dir/CheckSymbolExists.c.o
/usr/bin/cc    -o CMakeFiles/cmTC_38503.dir/CheckSymbolExists.c.o   -c /home/sankul/Hawk-VLDBJ-master/source/CMakeFiles/CMakeTmp/CheckSymbolExists.c
Linking C executable cmTC_38503
/usr/bin/cmake -E cmake_link_script CMakeFiles/cmTC_38503.dir/link.txt --verbose=1
/usr/bin/cc      -rdynamic CMakeFiles/cmTC_38503.dir/CheckSymbolExists.c.o  -o cmTC_38503 
CMakeFiles/cmTC_38503.dir/CheckSymbolExists.c.o: In function `main':
CheckSymbolExists.c:(.text+0x1b): undefined reference to `cudaMemGetInfo'
collect2: error: ld returned 1 exit status
CMakeFiles/cmTC_38503.dir/build.make:97: recipe for target 'cmTC_38503' failed
make[1]: *** [cmTC_38503] Error 1
make[1]: Leaving directory '/home/sankul/Hawk-VLDBJ-master/source/CMakeFiles/CMakeTmp'
Makefile:126: recipe for target 'cmTC_38503/fast' failed
make: *** [cmTC_38503/fast] Error 2

File /home/sankul/Hawk-VLDBJ-master/source/CMakeFiles/CMakeTmp/CheckSymbolExists.c:
/* */
#include <cuda.h>
#include <cuda_runtime_api.h>

int main(int argc, char** argv)
{
  (void)argv;
#ifndef cudaMemGetInfo
  return ((int*)(&cudaMemGetInfo))[argc];
#else
  (void)argc;
  return 0;
#endif
}

Determining if the include file rapidjson/schema.h exists failed with the following output:
Change Dir: /home/sankul/Hawk-VLDBJ-master/source/CMakeFiles/CMakeTmp

Run Build Command:"/usr/bin/make" "cmTC_773aa/fast"
/usr/bin/make -f CMakeFiles/cmTC_773aa.dir/build.make CMakeFiles/cmTC_773aa.dir/build
make[1]: Entering directory '/home/sankul/Hawk-VLDBJ-master/source/CMakeFiles/CMakeTmp'
Building CXX object CMakeFiles/cmTC_773aa.dir/CheckIncludeFile.cxx.o
/usr/bin/c++    -fopenmp -I/usr/lib/llvm-3.6/include  -DNDEBUG -D_GNU_SOURCE -D__STDC_CONSTANT_MACROS -D__STDC_FORMAT_MACROS -D__STDC_LIMIT_MACROS    -o CMakeFiles/cmTC_773aa.dir/CheckIncludeFile.cxx.o -c /home/sankul/Hawk-VLDBJ-master/source/CMakeFiles/CMakeTmp/CheckIncludeFile.cxx
/home/sankul/Hawk-VLDBJ-master/source/CMakeFiles/CMakeTmp/CheckIncludeFile.cxx:1:10: fatal error: rapidjson/schema.h: No such file or directory
 #include <rapidjson/schema.h>
          ^~~~~~~~~~~~~~~~~~~~
compilation terminated.
CMakeFiles/cmTC_773aa.dir/build.make:65: recipe for target 'CMakeFiles/cmTC_773aa.dir/CheckIncludeFile.cxx.o' failed
make[1]: *** [CMakeFiles/cmTC_773aa.dir/CheckIncludeFile.cxx.o] Error 1
make[1]: Leaving directory '/home/sankul/Hawk-VLDBJ-master/source/CMakeFiles/CMakeTmp'
Makefile:126: recipe for target 'cmTC_773aa/fast' failed
make: *** [cmTC_773aa/fast] Error 2


Determining if the pthread_create exist failed with the following output:
Change Dir: /home/sankul/Hawk-VLDBJ-master/source/CMakeFiles/CMakeTmp

Run Build Command:"/usr/bin/make" "cmTC_8b325/fast"
/usr/bin/make -f CMakeFiles/cmTC_8b325.dir/build.make CMakeFiles/cmTC_8b325.dir/build
make[1]: Entering directory '/home/sankul/Hawk-VLDBJ-master/source/CMakeFiles/CMakeTmp'
Building C object CMakeFiles/cmTC_8b325.dir/CheckSymbolExists.c.o
/usr/bin/cc    -o CMakeFiles/cmTC_8b325.dir/CheckSymbolExists.c.o   -c /home/sankul/Hawk-VLDBJ-master/source/CMakeFiles/CMakeTmp/CheckSymbolExists.c
Linking C executable cmTC_8b325
/usr/bin/cmake -E cmake_link_script CMakeFiles/cmTC_8b325.dir/link.txt --verbose=1
/usr/bin/cc      -rdynamic CMakeFiles/cmTC_8b325.dir/CheckSymbolExists.c.o  -o cmTC_8b325 
CMakeFiles/cmTC_8b325.dir/CheckSymbolExists.c.o: In function `main':
CheckSymbolExists.c:(.text+0x1b): undefined reference to `pthread_create'
collect2: error: ld returned 1 exit status
CMakeFiles/cmTC_8b325.dir/build.make:97: recipe for target 'cmTC_8b325' failed
make[1]: *** [cmTC_8b325] Error 1
make[1]: Leaving directory '/home/sankul/Hawk-VLDBJ-master/source/CMakeFiles/CMakeTmp'
Makefile:126: recipe for target 'cmTC_8b325/fast' failed
make: *** [cmTC_8b325/fast] Error 2

File /home/sankul/Hawk-VLDBJ-master/source/CMakeFiles/CMakeTmp/CheckSymbolExists.c:
/* */
#include <pthread.h>

int main(int argc, char** argv)
{
  (void)argv;
#ifndef pthread_create
  return ((int*)(&pthread_create))[argc];
#else
  (void)argc;
  return 0;
#endif
}

Determining if the function pthread_create exists in the pthreads failed with the following output:
Change Dir: /home/sankul/Hawk-VLDBJ-master/source/CMakeFiles/CMakeTmp

Run Build Command:"/usr/bin/make" "cmTC_ae262/fast"
/usr/bin/make -f CMakeFiles/cmTC_ae262.dir/build.make CMakeFiles/cmTC_ae262.dir/build
make[1]: Entering directory '/home/sankul/Hawk-VLDBJ-master/source/CMakeFiles/CMakeTmp'
Building C object CMakeFiles/cmTC_ae262.dir/CheckFunctionExists.c.o
/usr/bin/cc   -DCHECK_FUNCTION_EXISTS=pthread_create   -o CMakeFiles/cmTC_ae262.dir/CheckFunctionExists.c.o   -c /usr/share/cmake-3.10/Modules/CheckFunctionExists.c
Linking C executable cmTC_ae262
/usr/bin/cmake -E cmake_link_script CMakeFiles/cmTC_ae262.dir/link.txt --verbose=1
/usr/bin/cc  -DCHECK_FUNCTION_EXISTS=pthread_create    -rdynamic CMakeFiles/cmTC_ae262.dir/CheckFunctionExists.c.o  -o cmTC_ae262 -lpthreads 
/usr/bin/ld: cannot find -lpthreads
collect2: error: ld returned 1 exit status
CMakeFiles/cmTC_ae262.dir/build.make:97: recipe for target 'cmTC_ae262' failed
make[1]: *** [cmTC_ae262] Error 1
make[1]: Leaving directory '/home/sankul/Hawk-VLDBJ-master/source/CMakeFiles/CMakeTmp'
Makefile:126: recipe for target 'cmTC_ae262/fast' failed
make: *** [cmTC_ae262/fast] Error 2


Determining if the cudaMemGetInfo exist failed with the following output:
Change Dir: /home/sankul/Hawk-VLDBJ-master/source/CMakeFiles/CMakeTmp

Run Build Command:"/usr/bin/make" "cmTC_d19d9/fast"
/usr/bin/make -f CMakeFiles/cmTC_d19d9.dir/build.make CMakeFiles/cmTC_d19d9.dir/build
make[1]: Entering directory '/home/sankul/Hawk-VLDBJ-master/source/CMakeFiles/CMakeTmp'
Building C object CMakeFiles/cmTC_d19d9.dir/CheckSymbolExists.c.o
/usr/bin/cc    -o CMakeFiles/cmTC_d19d9.dir/CheckSymbolExists.c.o   -c /home/sankul/Hawk-VLDBJ-master/source/CMakeFiles/CMakeTmp/CheckSymbolExists.c
Linking C executable cmTC_d19d9
/usr/bin/cmake -E cmake_link_script CMakeFiles/cmTC_d19d9.dir/link.txt --verbose=1
/usr/bin/cc      -rdynamic CMakeFiles/cmTC_d19d9.dir/CheckSymbolExists.c.o  -o cmTC_d19d9 
CMakeFiles/cmTC_d19d9.dir/CheckSymbolExists.c.o: In function `main':
CheckSymbolExists.c:(.text+0x1b): undefined reference to `cudaMemGetInfo'
collect2: error: ld returned 1 exit status
CMakeFiles/cmTC_d19d9.dir/build.make:97: recipe for target 'cmTC_d19d9' failed
make[1]: *** [cmTC_d19d9] Error 1
make[1]: Leaving directory '/home/sankul/Hawk-VLDBJ-master/source/CMakeFiles/CMakeTmp'
Makefile:126: recipe for target 'cmTC_d19d9/fast' failed
make: *** [cmTC_d19d9/fast] Error 2

File /home/sankul/Hawk-VLDBJ-master/source/CMakeFiles/CMakeTmp/CheckSymbolExists.c:
/* */
#include <cuda.h>
#include <cuda_runtime_api.h>

int main(int argc, char** argv)
{
  (void)argv;
#ifndef cudaMemGetInfo
  return ((int*)(&cudaMemGetInfo))[argc];
#else
  (void)argc;
  return 0;
#endif
}

Determining if the include file rapidjson/schema.h exists failed with the following output:
Change Dir: /home/sankul/Hawk-VLDBJ-master/source/CMakeFiles/CMakeTmp

Run Build Command:"/usr/bin/make" "cmTC_27fa4/fast"
/usr/bin/make -f CMakeFiles/cmTC_27fa4.dir/build.make CMakeFiles/cmTC_27fa4.dir/build
make[1]: Entering directory '/home/sankul/Hawk-VLDBJ-master/source/CMakeFiles/CMakeTmp'
Building CXX object CMakeFiles/cmTC_27fa4.dir/CheckIncludeFile.cxx.o
/usr/bin/c++    -fopenmp     -o CMakeFiles/cmTC_27fa4.dir/CheckIncludeFile.cxx.o -c /home/sankul/Hawk-VLDBJ-master/source/CMakeFiles/CMakeTmp/CheckIncludeFile.cxx
/home/sankul/Hawk-VLDBJ-master/source/CMakeFiles/CMakeTmp/CheckIncludeFile.cxx:1:10: fatal error: rapidjson/schema.h: No such file or directory
 #include <rapidjson/schema.h>
          ^~~~~~~~~~~~~~~~~~~~
compilation terminated.
CMakeFiles/cmTC_27fa4.dir/build.make:65: recipe for target 'CMakeFiles/cmTC_27fa4.dir/CheckIncludeFile.cxx.o' failed
make[1]: *** [CMakeFiles/cmTC_27fa4.dir/CheckIncludeFile.cxx.o] Error 1
make[1]: Leaving directory '/home/sankul/Hawk-VLDBJ-master/source/CMakeFiles/CMakeTmp'
Makefile:126: recipe for target 'cmTC_27fa4/fast' failed
make: *** [cmTC_27fa4/fast] Error 2


Determining if the pthread_create exist failed with the following output:
Change Dir: /home/sankul/Hawk-VLDBJ-master/source/CMakeFiles/CMakeTmp

Run Build Command:"/usr/bin/make" "cmTC_ad7c2/fast"
/usr/bin/make -f CMakeFiles/cmTC_ad7c2.dir/build.make CMakeFiles/cmTC_ad7c2.dir/build
make[1]: Entering directory '/home/sankul/Hawk-VLDBJ-master/source/CMakeFiles/CMakeTmp'
Building C object CMakeFiles/cmTC_ad7c2.dir/CheckSymbolExists.c.o
/usr/bin/cc    -o CMakeFiles/cmTC_ad7c2.dir/CheckSymbolExists.c.o   -c /home/sankul/Hawk-VLDBJ-master/source/CMakeFiles/CMakeTmp/CheckSymbolExists.c
Linking C executable cmTC_ad7c2
/usr/bin/cmake -E cmake_link_script CMakeFiles/cmTC_ad7c2.dir/link.txt --verbose=1
/usr/bin/cc      -rdynamic CMakeFiles/cmTC_ad7c2.dir/CheckSymbolExists.c.o  -o cmTC_ad7c2 
CMakeFiles/cmTC_ad7c2.dir/CheckSymbolExists.c.o: In function `main':
CheckSymbolExists.c:(.text+0x1b): undefined reference to `pthread_create'
collect2: error: ld returned 1 exit status
CMakeFiles/cmTC_ad7c2.dir/build.make:97: recipe for target 'cmTC_ad7c2' failed
make[1]: *** [cmTC_ad7c2] Error 1
make[1]: Leaving directory '/home/sankul/Hawk-VLDBJ-master/source/CMakeFiles/CMakeTmp'
Makefile:126: recipe for target 'cmTC_ad7c2/fast' failed
make: *** [cmTC_ad7c2/fast] Error 2

File /home/sankul/Hawk-VLDBJ-master/source/CMakeFiles/CMakeTmp/CheckSymbolExists.c:
/* */
#include <pthread.h>

int main(int argc, char** argv)
{
  (void)argv;
#ifndef pthread_create
  return ((int*)(&pthread_create))[argc];
#else
  (void)argc;
  return 0;
#endif
}

Determining if the function pthread_create exists in the pthreads failed with the following output:
Change Dir: /home/sankul/Hawk-VLDBJ-master/source/CMakeFiles/CMakeTmp

Run Build Command:"/usr/bin/make" "cmTC_b3fd9/fast"
/usr/bin/make -f CMakeFiles/cmTC_b3fd9.dir/build.make CMakeFiles/cmTC_b3fd9.dir/build
make[1]: Entering directory '/home/sankul/Hawk-VLDBJ-master/source/CMakeFiles/CMakeTmp'
Building C object CMakeFiles/cmTC_b3fd9.dir/CheckFunctionExists.c.o
/usr/bin/cc   -DCHECK_FUNCTION_EXISTS=pthread_create   -o CMakeFiles/cmTC_b3fd9.dir/CheckFunctionExists.c.o   -c /usr/share/cmake-3.10/Modules/CheckFunctionExists.c
Linking C executable cmTC_b3fd9
/usr/bin/cmake -E cmake_link_script CMakeFiles/cmTC_b3fd9.dir/link.txt --verbose=1
/usr/bin/cc  -DCHECK_FUNCTION_EXISTS=pthread_create    -rdynamic CMakeFiles/cmTC_b3fd9.dir/CheckFunctionExists.c.o  -o cmTC_b3fd9 -lpthreads 
/usr/bin/ld: cannot find -lpthreads
collect2: error: ld returned 1 exit status
CMakeFiles/cmTC_b3fd9.dir/build.make:97: recipe for target 'cmTC_b3fd9' failed
make[1]: *** [cmTC_b3fd9] Error 1
make[1]: Leaving directory '/home/sankul/Hawk-VLDBJ-master/source/CMakeFiles/CMakeTmp'
Makefile:126: recipe for target 'cmTC_b3fd9/fast' failed
make: *** [cmTC_b3fd9/fast] Error 2


Determining if the cudaMemGetInfo exist failed with the following output:
Change Dir: /home/sankul/Hawk-VLDBJ-master/source/CMakeFiles/CMakeTmp

Run Build Command:"/usr/bin/make" "cmTC_bb2ee/fast"
/usr/bin/make -f CMakeFiles/cmTC_bb2ee.dir/build.make CMakeFiles/cmTC_bb2ee.dir/build
make[1]: Entering directory '/home/sankul/Hawk-VLDBJ-master/source/CMakeFiles/CMakeTmp'
Building C object CMakeFiles/cmTC_bb2ee.dir/CheckSymbolExists.c.o
/usr/bin/cc    -o CMakeFiles/cmTC_bb2ee.dir/CheckSymbolExists.c.o   -c /home/sankul/Hawk-VLDBJ-master/source/CMakeFiles/CMakeTmp/CheckSymbolExists.c
Linking C executable cmTC_bb2ee
/usr/bin/cmake -E cmake_link_script CMakeFiles/cmTC_bb2ee.dir/link.txt --verbose=1
/usr/bin/cc      -rdynamic CMakeFiles/cmTC_bb2ee.dir/CheckSymbolExists.c.o  -o cmTC_bb2ee 
CMakeFiles/cmTC_bb2ee.dir/CheckSymbolExists.c.o: In function `main':
CheckSymbolExists.c:(.text+0x1b): undefined reference to `cudaMemGetInfo'
collect2: error: ld returned 1 exit status
CMakeFiles/cmTC_bb2ee.dir/build.make:97: recipe for target 'cmTC_bb2ee' failed
make[1]: *** [cmTC_bb2ee] Error 1
make[1]: Leaving directory '/home/sankul/Hawk-VLDBJ-master/source/CMakeFiles/CMakeTmp'
Makefile:126: recipe for target 'cmTC_bb2ee/fast' failed
make: *** [cmTC_bb2ee/fast] Error 2

File /home/sankul/Hawk-VLDBJ-master/source/CMakeFiles/CMakeTmp/CheckSymbolExists.c:
/* */
#include <cuda.h>
#include <cuda_runtime_api.h>

int main(int argc, char** argv)
{
  (void)argv;
#ifndef cudaMemGetInfo
  return ((int*)(&cudaMemGetInfo))[argc];
#else
  (void)argc;
  return 0;
#endif
}

Determining if the include file rapidjson/schema.h exists failed with the following output:
Change Dir: /home/sankul/Hawk-VLDBJ-master/source/CMakeFiles/CMakeTmp

Run Build Command:"/usr/bin/make" "cmTC_1ca4a/fast"
/usr/bin/make -f CMakeFiles/cmTC_1ca4a.dir/build.make CMakeFiles/cmTC_1ca4a.dir/build
make[1]: Entering directory '/home/sankul/Hawk-VLDBJ-master/source/CMakeFiles/CMakeTmp'
Building CXX object CMakeFiles/cmTC_1ca4a.dir/CheckIncludeFile.cxx.o
/usr/bin/c++    -fopenmp -I/usr/lib/llvm-3.6/include  -DNDEBUG -D_GNU_SOURCE -D__STDC_CONSTANT_MACROS -D__STDC_FORMAT_MACROS -D__STDC_LIMIT_MACROS    -o CMakeFiles/cmTC_1ca4a.dir/CheckIncludeFile.cxx.o -c /home/sankul/Hawk-VLDBJ-master/source/CMakeFiles/CMakeTmp/CheckIncludeFile.cxx
/home/sankul/Hawk-VLDBJ-master/source/CMakeFiles/CMakeTmp/CheckIncludeFile.cxx:1:10: fatal error: rapidjson/schema.h: No such file or directory
 #include <rapidjson/schema.h>
          ^~~~~~~~~~~~~~~~~~~~
compilation terminated.
CMakeFiles/cmTC_1ca4a.dir/build.make:65: recipe for target 'CMakeFiles/cmTC_1ca4a.dir/CheckIncludeFile.cxx.o' failed
make[1]: *** [CMakeFiles/cmTC_1ca4a.dir/CheckIncludeFile.cxx.o] Error 1
make[1]: Leaving directory '/home/sankul/Hawk-VLDBJ-master/source/CMakeFiles/CMakeTmp'
Makefile:126: recipe for target 'cmTC_1ca4a/fast' failed
make: *** [cmTC_1ca4a/fast] Error 2


Determining if the pthread_create exist failed with the following output:
Change Dir: /home/sankul/Hawk-VLDBJ-master/source/CMakeFiles/CMakeTmp

Run Build Command:"/usr/bin/make" "cmTC_af692/fast"
/usr/bin/make -f CMakeFiles/cmTC_af692.dir/build.make CMakeFiles/cmTC_af692.dir/build
make[1]: Entering directory '/home/sankul/Hawk-VLDBJ-master/source/CMakeFiles/CMakeTmp'
Building C object CMakeFiles/cmTC_af692.dir/CheckSymbolExists.c.o
/usr/bin/cc    -o CMakeFiles/cmTC_af692.dir/CheckSymbolExists.c.o   -c /home/sankul/Hawk-VLDBJ-master/source/CMakeFiles/CMakeTmp/CheckSymbolExists.c
Linking C executable cmTC_af692
/usr/bin/cmake -E cmake_link_script CMakeFiles/cmTC_af692.dir/link.txt --verbose=1
/usr/bin/cc      -rdynamic CMakeFiles/cmTC_af692.dir/CheckSymbolExists.c.o  -o cmTC_af692 
CMakeFiles/cmTC_af692.dir/CheckSymbolExists.c.o: In function `main':
CheckSymbolExists.c:(.text+0x1b): undefined reference to `pthread_create'
collect2: error: ld returned 1 exit status
CMakeFiles/cmTC_af692.dir/build.make:97: recipe for target 'cmTC_af692' failed
make[1]: *** [cmTC_af692] Error 1
make[1]: Leaving directory '/home/sankul/Hawk-VLDBJ-master/source/CMakeFiles/CMakeTmp'
Makefile:126: recipe for target 'cmTC_af692/fast' failed
make: *** [cmTC_af692/fast] Error 2

File /home/sankul/Hawk-VLDBJ-master/source/CMakeFiles/CMakeTmp/CheckSymbolExists.c:
/* */
#include <pthread.h>

int main(int argc, char** argv)
{
  (void)argv;
#ifndef pthread_create
  return ((int*)(&pthread_create))[argc];
#else
  (void)argc;
  return 0;
#endif
}

Determining if the function pthread_create exists in the pthreads failed with the following output:
Change Dir: /home/sankul/Hawk-VLDBJ-master/source/CMakeFiles/CMakeTmp

Run Build Command:"/usr/bin/make" "cmTC_40ec4/fast"
/usr/bin/make -f CMakeFiles/cmTC_40ec4.dir/build.make CMakeFiles/cmTC_40ec4.dir/build
make[1]: Entering directory '/home/sankul/Hawk-VLDBJ-master/source/CMakeFiles/CMakeTmp'
Building C object CMakeFiles/cmTC_40ec4.dir/CheckFunctionExists.c.o
/usr/bin/cc   -DCHECK_FUNCTION_EXISTS=pthread_create   -o CMakeFiles/cmTC_40ec4.dir/CheckFunctionExists.c.o   -c /usr/share/cmake-3.10/Modules/CheckFunctionExists.c
Linking C executable cmTC_40ec4
/usr/bin/cmake -E cmake_link_script CMakeFiles/cmTC_40ec4.dir/link.txt --verbose=1
/usr/bin/cc  -DCHECK_FUNCTION_EXISTS=pthread_create    -rdynamic CMakeFiles/cmTC_40ec4.dir/CheckFunctionExists.c.o  -o cmTC_40ec4 -lpthreads 
/usr/bin/ld: cannot find -lpthreads
collect2: error: ld returned 1 exit status
CMakeFiles/cmTC_40ec4.dir/build.make:97: recipe for target 'cmTC_40ec4' failed
make[1]: *** [cmTC_40ec4] Error 1
make[1]: Leaving directory '/home/sankul/Hawk-VLDBJ-master/source/CMakeFiles/CMakeTmp'
Makefile:126: recipe for target 'cmTC_40ec4/fast' failed
make: *** [cmTC_40ec4/fast] Error 2


Determining if the cudaMemGetInfo exist failed with the following output:
Change Dir: /home/sankul/Hawk-VLDBJ-master/source/CMakeFiles/CMakeTmp

Run Build Command:"/usr/bin/make" "cmTC_5b894/fast"
/usr/bin/make -f CMakeFiles/cmTC_5b894.dir/build.make CMakeFiles/cmTC_5b894.dir/build
make[1]: Entering directory '/home/sankul/Hawk-VLDBJ-master/source/CMakeFiles/CMakeTmp'
Building C object CMakeFiles/cmTC_5b894.dir/CheckSymbolExists.c.o
/usr/bin/cc    -o CMakeFiles/cmTC_5b894.dir/CheckSymbolExists.c.o   -c /home/sankul/Hawk-VLDBJ-master/source/CMakeFiles/CMakeTmp/CheckSymbolExists.c
Linking C executable cmTC_5b894
/usr/bin/cmake -E cmake_link_script CMakeFiles/cmTC_5b894.dir/link.txt --verbose=1
/usr/bin/cc      -rdynamic CMakeFiles/cmTC_5b894.dir/CheckSymbolExists.c.o  -o cmTC_5b894 
CMakeFiles/cmTC_5b894.dir/CheckSymbolExists.c.o: In function `main':
CheckSymbolExists.c:(.text+0x1b): undefined reference to `cudaMemGetInfo'
collect2: error: ld returned 1 exit status
CMakeFiles/cmTC_5b894.dir/build.make:97: recipe for target 'cmTC_5b894' failed
make[1]: *** [cmTC_5b894] Error 1
make[1]: Leaving directory '/home/sankul/Hawk-VLDBJ-master/source/CMakeFiles/CMakeTmp'
Makefile:126: recipe for target 'cmTC_5b894/fast' failed
make: *** [cmTC_5b894/fast] Error 2

File /home/sankul/Hawk-VLDBJ-master/source/CMakeFiles/CMakeTmp/CheckSymbolExists.c:
/* */
#include <cuda.h>
#include <cuda_runtime_api.h>

int main(int argc, char** argv)
{
  (void)argv;
#ifndef cudaMemGetInfo
  return ((int*)(&cudaMemGetInfo))[argc];
#else
  (void)argc;
  return 0;
#endif
}

Determining if the include file rapidjson/schema.h exists failed with the following output:
Change Dir: /home/sankul/Hawk-VLDBJ-master/source/CMakeFiles/CMakeTmp

Run Build Command:"/usr/bin/make" "cmTC_b465f/fast"
/usr/bin/make -f CMakeFiles/cmTC_b465f.dir/build.make CMakeFiles/cmTC_b465f.dir/build
make[1]: Entering directory '/home/sankul/Hawk-VLDBJ-master/source/CMakeFiles/CMakeTmp'
Building CXX object CMakeFiles/cmTC_b465f.dir/CheckIncludeFile.cxx.o
/usr/bin/c++    -fopenmp -I/usr/lib/llvm-3.6/include  -DNDEBUG -D_GNU_SOURCE -D__STDC_CONSTANT_MACROS -D__STDC_FORMAT_MACROS -D__STDC_LIMIT_MACROS    -o CMakeFiles/cmTC_b465f.dir/CheckIncludeFile.cxx.o -c /home/sankul/Hawk-VLDBJ-master/source/CMakeFiles/CMakeTmp/CheckIncludeFile.cxx
/home/sankul/Hawk-VLDBJ-master/source/CMakeFiles/CMakeTmp/CheckIncludeFile.cxx:1:10: fatal error: rapidjson/schema.h: No such file or directory
 #include <rapidjson/schema.h>
          ^~~~~~~~~~~~~~~~~~~~
compilation terminated.
CMakeFiles/cmTC_b465f.dir/build.make:65: recipe for target 'CMakeFiles/cmTC_b465f.dir/CheckIncludeFile.cxx.o' failed
make[1]: *** [CMakeFiles/cmTC_b465f.dir/CheckIncludeFile.cxx.o] Error 1
make[1]: Leaving directory '/home/sankul/Hawk-VLDBJ-master/source/CMakeFiles/CMakeTmp'
Makefile:126: recipe for target 'cmTC_b465f/fast' failed
make: *** [cmTC_b465f/fast] Error 2


Determining if the cudaMemGetInfo exist failed with the following output:
Change Dir: /home/sankul/Hawk-VLDBJ-master/source/CMakeFiles/CMakeTmp

Run Build Command:"/usr/bin/make" "cmTC_cf8a0/fast"
/usr/bin/make -f CMakeFiles/cmTC_cf8a0.dir/build.make CMakeFiles/cmTC_cf8a0.dir/build
make[1]: Entering directory '/home/sankul/Hawk-VLDBJ-master/source/CMakeFiles/CMakeTmp'
Building C object CMakeFiles/cmTC_cf8a0.dir/CheckSymbolExists.c.o
/usr/bin/cc    -o CMakeFiles/cmTC_cf8a0.dir/CheckSymbolExists.c.o   -c /home/sankul/Hawk-VLDBJ-master/source/CMakeFiles/CMakeTmp/CheckSymbolExists.c
Linking C executable cmTC_cf8a0
/usr/bin/cmake -E cmake_link_script CMakeFiles/cmTC_cf8a0.dir/link.txt --verbose=1
/usr/bin/cc      -rdynamic CMakeFiles/cmTC_cf8a0.dir/CheckSymbolExists.c.o  -o cmTC_cf8a0 
CMakeFiles/cmTC_cf8a0.dir/CheckSymbolExists.c.o: In function `main':
CheckSymbolExists.c:(.text+0x1b): undefined reference to `cudaMemGetInfo'
collect2: error: ld returned 1 exit status
CMakeFiles/cmTC_cf8a0.dir/build.make:97: recipe for target 'cmTC_cf8a0' failed
make[1]: *** [cmTC_cf8a0] Error 1
make[1]: Leaving directory '/home/sankul/Hawk-VLDBJ-master/source/CMakeFiles/CMakeTmp'
Makefile:126: recipe for target 'cmTC_cf8a0/fast' failed
make: *** [cmTC_cf8a0/fast] Error 2

File /home/sankul/Hawk-VLDBJ-master/source/CMakeFiles/CMakeTmp/CheckSymbolExists.c:
/* */
#include <cuda.h>
#include <cuda_runtime_api.h>

int main(int argc, char** argv)
{
  (void)argv;
#ifndef cudaMemGetInfo
  return ((int*)(&cudaMemGetInfo))[argc];
#else
  (void)argc;
  return 0;
#endif
}

Determining if the cudaMemGetInfo exist failed with the following output:
Change Dir: /home/sankul/Hawk-VLDBJ-master/source/CMakeFiles/CMakeTmp

Run Build Command:"/usr/bin/make" "cmTC_b5882/fast"
/usr/bin/make -f CMakeFiles/cmTC_b5882.dir/build.make CMakeFiles/cmTC_b5882.dir/build
make[1]: Entering directory '/home/sankul/Hawk-VLDBJ-master/source/CMakeFiles/CMakeTmp'
Building C object CMakeFiles/cmTC_b5882.dir/CheckSymbolExists.c.o
/usr/bin/cc    -o CMakeFiles/cmTC_b5882.dir/CheckSymbolExists.c.o   -c /home/sankul/Hawk-VLDBJ-master/source/CMakeFiles/CMakeTmp/CheckSymbolExists.c
Linking C executable cmTC_b5882
/usr/bin/cmake -E cmake_link_script CMakeFiles/cmTC_b5882.dir/link.txt --verbose=1
/usr/bin/cc      -rdynamic CMakeFiles/cmTC_b5882.dir/CheckSymbolExists.c.o  -o cmTC_b5882 
CMakeFiles/cmTC_b5882.dir/CheckSymbolExists.c.o: In function `main':
CheckSymbolExists.c:(.text+0x1b): undefined reference to `cudaMemGetInfo'
collect2: error: ld returned 1 exit status
CMakeFiles/cmTC_b5882.dir/build.make:97: recipe for target 'cmTC_b5882' failed
make[1]: *** [cmTC_b5882] Error 1
make[1]: Leaving directory '/home/sankul/Hawk-VLDBJ-master/source/CMakeFiles/CMakeTmp'
Makefile:126: recipe for target 'cmTC_b5882/fast' failed
make: *** [cmTC_b5882/fast] Error 2

File /home/sankul/Hawk-VLDBJ-master/source/CMakeFiles/CMakeTmp/CheckSymbolExists.c:
/* */
#include <cuda.h>
#include <cuda_runtime_api.h>

int main(int argc, char** argv)
{
  (void)argv;
#ifndef cudaMemGetInfo
  return ((int*)(&cudaMemGetInfo))[argc];
#else
  (void)argc;
  return 0;
#endif
}

Determining if the cudaMemGetInfo exist failed with the following output:
Change Dir: /home/sankul/Hawk-VLDBJ-master/source/CMakeFiles/CMakeTmp

Run Build Command:"/usr/bin/make" "cmTC_4817a/fast"
/usr/bin/make -f CMakeFiles/cmTC_4817a.dir/build.make CMakeFiles/cmTC_4817a.dir/build
make[1]: Entering directory '/home/sankul/Hawk-VLDBJ-master/source/CMakeFiles/CMakeTmp'
Building C object CMakeFiles/cmTC_4817a.dir/CheckSymbolExists.c.o
/usr/bin/cc    -o CMakeFiles/cmTC_4817a.dir/CheckSymbolExists.c.o   -c /home/sankul/Hawk-VLDBJ-master/source/CMakeFiles/CMakeTmp/CheckSymbolExists.c
Linking C executable cmTC_4817a
/usr/bin/cmake -E cmake_link_script CMakeFiles/cmTC_4817a.dir/link.txt --verbose=1
/usr/bin/cc      -rdynamic CMakeFiles/cmTC_4817a.dir/CheckSymbolExists.c.o  -o cmTC_4817a 
CMakeFiles/cmTC_4817a.dir/CheckSymbolExists.c.o: In function `main':
CheckSymbolExists.c:(.text+0x1b): undefined reference to `cudaMemGetInfo'
collect2: error: ld returned 1 exit status
CMakeFiles/cmTC_4817a.dir/build.make:97: recipe for target 'cmTC_4817a' failed
make[1]: *** [cmTC_4817a] Error 1
make[1]: Leaving directory '/home/sankul/Hawk-VLDBJ-master/source/CMakeFiles/CMakeTmp'
Makefile:126: recipe for target 'cmTC_4817a/fast' failed
make: *** [cmTC_4817a/fast] Error 2

File /home/sankul/Hawk-VLDBJ-master/source/CMakeFiles/CMakeTmp/CheckSymbolExists.c:
/* */
#include <cuda.h>
#include <cuda_runtime_api.h>

int main(int argc, char** argv)
{
  (void)argv;
#ifndef cudaMemGetInfo
  return ((int*)(&cudaMemGetInfo))[argc];
#else
  (void)argc;
  return 0;
#endif
}

Determining if the cudaMemGetInfo exist failed with the following output:
Change Dir: /home/sankul/Hawk-VLDBJ-master/source/CMakeFiles/CMakeTmp

Run Build Command:"/usr/bin/make" "cmTC_3021e/fast"
/usr/bin/make -f CMakeFiles/cmTC_3021e.dir/build.make CMakeFiles/cmTC_3021e.dir/build
make[1]: Entering directory '/home/sankul/Hawk-VLDBJ-master/source/CMakeFiles/CMakeTmp'
Building C object CMakeFiles/cmTC_3021e.dir/CheckSymbolExists.c.o
/usr/bin/cc    -o CMakeFiles/cmTC_3021e.dir/CheckSymbolExists.c.o   -c /home/sankul/Hawk-VLDBJ-master/source/CMakeFiles/CMakeTmp/CheckSymbolExists.c
Linking C executable cmTC_3021e
/usr/bin/cmake -E cmake_link_script CMakeFiles/cmTC_3021e.dir/link.txt --verbose=1
/usr/bin/cc      -rdynamic CMakeFiles/cmTC_3021e.dir/CheckSymbolExists.c.o  -o cmTC_3021e 
CMakeFiles/cmTC_3021e.dir/CheckSymbolExists.c.o: In function `main':
CheckSymbolExists.c:(.text+0x1b): undefined reference to `cudaMemGetInfo'
collect2: error: ld returned 1 exit status
CMakeFiles/cmTC_3021e.dir/build.make:97: recipe for target 'cmTC_3021e' failed
make[1]: *** [cmTC_3021e] Error 1
make[1]: Leaving directory '/home/sankul/Hawk-VLDBJ-master/source/CMakeFiles/CMakeTmp'
Makefile:126: recipe for target 'cmTC_3021e/fast' failed
make: *** [cmTC_3021e/fast] Error 2

File /home/sankul/Hawk-VLDBJ-master/source/CMakeFiles/CMakeTmp/CheckSymbolExists.c:
/* */
#include <cuda.h>
#include <cuda_runtime_api.h>

int main(int argc, char** argv)
{
  (void)argv;
#ifndef cudaMemGetInfo
  return ((int*)(&cudaMemGetInfo))[argc];
#else
  (void)argc;
  return 0;
#endif
}

Determining if the cudaMemGetInfo exist failed with the following output:
Change Dir: /home/sankul/Hawk-VLDBJ-master/source/CMakeFiles/CMakeTmp

Run Build Command:"/usr/bin/make" "cmTC_bae66/fast"
/usr/bin/make -f CMakeFiles/cmTC_bae66.dir/build.make CMakeFiles/cmTC_bae66.dir/build
make[1]: Entering directory '/home/sankul/Hawk-VLDBJ-master/source/CMakeFiles/CMakeTmp'
Building C object CMakeFiles/cmTC_bae66.dir/CheckSymbolExists.c.o
/usr/bin/cc    -o CMakeFiles/cmTC_bae66.dir/CheckSymbolExists.c.o   -c /home/sankul/Hawk-VLDBJ-master/source/CMakeFiles/CMakeTmp/CheckSymbolExists.c
Linking C executable cmTC_bae66
/usr/bin/cmake -E cmake_link_script CMakeFiles/cmTC_bae66.dir/link.txt --verbose=1
/usr/bin/cc      -rdynamic CMakeFiles/cmTC_bae66.dir/CheckSymbolExists.c.o  -o cmTC_bae66 
CMakeFiles/cmTC_bae66.dir/CheckSymbolExists.c.o: In function `main':
CheckSymbolExists.c:(.text+0x1b): undefined reference to `cudaMemGetInfo'
collect2: error: ld returned 1 exit status
CMakeFiles/cmTC_bae66.dir/build.make:97: recipe for target 'cmTC_bae66' failed
make[1]: *** [cmTC_bae66] Error 1
make[1]: Leaving directory '/home/sankul/Hawk-VLDBJ-master/source/CMakeFiles/CMakeTmp'
Makefile:126: recipe for target 'cmTC_bae66/fast' failed
make: *** [cmTC_bae66/fast] Error 2

File /home/sankul/Hawk-VLDBJ-master/source/CMakeFiles/CMakeTmp/CheckSymbolExists.c:
/* */
#include <cuda.h>
#include <cuda_runtime_api.h>

int main(int argc, char** argv)
{
  (void)argv;
#ifndef cudaMemGetInfo
  return ((int*)(&cudaMemGetInfo))[argc];
#else
  (void)argc;
  return 0;
#endif
}

Determining if the cudaMemGetInfo exist failed with the following output:
Change Dir: /home/sankul/Hawk-VLDBJ-master/source/CMakeFiles/CMakeTmp

Run Build Command:"/usr/bin/make" "cmTC_347ff/fast"
/usr/bin/make -f CMakeFiles/cmTC_347ff.dir/build.make CMakeFiles/cmTC_347ff.dir/build
make[1]: Entering directory '/home/sankul/Hawk-VLDBJ-master/source/CMakeFiles/CMakeTmp'
Building C object CMakeFiles/cmTC_347ff.dir/CheckSymbolExists.c.o
/usr/bin/cc    -o CMakeFiles/cmTC_347ff.dir/CheckSymbolExists.c.o   -c /home/sankul/Hawk-VLDBJ-master/source/CMakeFiles/CMakeTmp/CheckSymbolExists.c
Linking C executable cmTC_347ff
/usr/bin/cmake -E cmake_link_script CMakeFiles/cmTC_347ff.dir/link.txt --verbose=1
/usr/bin/cc      -rdynamic CMakeFiles/cmTC_347ff.dir/CheckSymbolExists.c.o  -o cmTC_347ff 
CMakeFiles/cmTC_347ff.dir/CheckSymbolExists.c.o: In function `main':
CheckSymbolExists.c:(.text+0x1b): undefined reference to `cudaMemGetInfo'
collect2: error: ld returned 1 exit status
CMakeFiles/cmTC_347ff.dir/build.make:97: recipe for target 'cmTC_347ff' failed
make[1]: *** [cmTC_347ff] Error 1
make[1]: Leaving directory '/home/sankul/Hawk-VLDBJ-master/source/CMakeFiles/CMakeTmp'
Makefile:126: recipe for target 'cmTC_347ff/fast' failed
make: *** [cmTC_347ff/fast] Error 2

File /home/sankul/Hawk-VLDBJ-master/source/CMakeFiles/CMakeTmp/CheckSymbolExists.c:
/* */
#include <cuda.h>
#include <cuda_runtime_api.h>

int main(int argc, char** argv)
{
  (void)argv;
#ifndef cudaMemGetInfo
  return ((int*)(&cudaMemGetInfo))[argc];
#else
  (void)argc;
  return 0;
#endif
}

Determining if the cudaMemGetInfo exist failed with the following output:
Change Dir: /home/sankul/Hawk-VLDBJ-master/source/CMakeFiles/CMakeTmp

Run Build Command:"/usr/bin/make" "cmTC_37ac0/fast"
/usr/bin/make -f CMakeFiles/cmTC_37ac0.dir/build.make CMakeFiles/cmTC_37ac0.dir/build
make[1]: Entering directory '/home/sankul/Hawk-VLDBJ-master/source/CMakeFiles/CMakeTmp'
Building C object CMakeFiles/cmTC_37ac0.dir/CheckSymbolExists.c.o
/usr/bin/cc    -o CMakeFiles/cmTC_37ac0.dir/CheckSymbolExists.c.o   -c /home/sankul/Hawk-VLDBJ-master/source/CMakeFiles/CMakeTmp/CheckSymbolExists.c
Linking C executable cmTC_37ac0
/usr/bin/cmake -E cmake_link_script CMakeFiles/cmTC_37ac0.dir/link.txt --verbose=1
/usr/bin/cc      -rdynamic CMakeFiles/cmTC_37ac0.dir/CheckSymbolExists.c.o  -o cmTC_37ac0 
CMakeFiles/cmTC_37ac0.dir/CheckSymbolExists.c.o: In function `main':
CheckSymbolExists.c:(.text+0x1b): undefined reference to `cudaMemGetInfo'
collect2: error: ld returned 1 exit status
CMakeFiles/cmTC_37ac0.dir/build.make:97: recipe for target 'cmTC_37ac0' failed
make[1]: *** [cmTC_37ac0] Error 1
make[1]: Leaving directory '/home/sankul/Hawk-VLDBJ-master/source/CMakeFiles/CMakeTmp'
Makefile:126: recipe for target 'cmTC_37ac0/fast' failed
make: *** [cmTC_37ac0/fast] Error 2

File /home/sankul/Hawk-VLDBJ-master/source/CMakeFiles/CMakeTmp/CheckSymbolExists.c:
/* */
#include <cuda.h>
#include <cuda_runtime_api.h>

int main(int argc, char** argv)
{
  (void)argv;
#ifndef cudaMemGetInfo
  return ((int*)(&cudaMemGetInfo))[argc];
#else
  (void)argc;
  return 0;
#endif
}

Determining if the cudaMemGetInfo exist failed with the following output:
Change Dir: /home/sankul/Hawk-VLDBJ-master/source/CMakeFiles/CMakeTmp

Run Build Command:"/usr/bin/make" "cmTC_4928e/fast"
/usr/bin/make -f CMakeFiles/cmTC_4928e.dir/build.make CMakeFiles/cmTC_4928e.dir/build
make[1]: Entering directory '/home/sankul/Hawk-VLDBJ-master/source/CMakeFiles/CMakeTmp'
Building C object CMakeFiles/cmTC_4928e.dir/CheckSymbolExists.c.o
/usr/bin/cc    -o CMakeFiles/cmTC_4928e.dir/CheckSymbolExists.c.o   -c /home/sankul/Hawk-VLDBJ-master/source/CMakeFiles/CMakeTmp/CheckSymbolExists.c
Linking C executable cmTC_4928e
/usr/bin/cmake -E cmake_link_script CMakeFiles/cmTC_4928e.dir/link.txt --verbose=1
/usr/bin/cc      -rdynamic CMakeFiles/cmTC_4928e.dir/CheckSymbolExists.c.o  -o cmTC_4928e 
CMakeFiles/cmTC_4928e.dir/CheckSymbolExists.c.o: In function `main':
CheckSymbolExists.c:(.text+0x1b): undefined reference to `cudaMemGetInfo'
collect2: error: ld returned 1 exit status
CMakeFiles/cmTC_4928e.dir/build.make:97: recipe for target 'cmTC_4928e' failed
make[1]: *** [cmTC_4928e] Error 1
make[1]: Leaving directory '/home/sankul/Hawk-VLDBJ-master/source/CMakeFiles/CMakeTmp'
Makefile:126: recipe for target 'cmTC_4928e/fast' failed
make: *** [cmTC_4928e/fast] Error 2

File /home/sankul/Hawk-VLDBJ-master/source/CMakeFiles/CMakeTmp/CheckSymbolExists.c:
/* */
#include <cuda.h>
#include <cuda_runtime_api.h>

int main(int argc, char** argv)
{
  (void)argv;
#ifndef cudaMemGetInfo
  return ((int*)(&cudaMemGetInfo))[argc];
#else
  (void)argc;
  return 0;
#endif
}

Determining if the cudaMemGetInfo exist failed with the following output:
Change Dir: /home/sankul/Hawk-VLDBJ-master/source/CMakeFiles/CMakeTmp

Run Build Command:"/usr/bin/make" "cmTC_9ecd0/fast"
/usr/bin/make -f CMakeFiles/cmTC_9ecd0.dir/build.make CMakeFiles/cmTC_9ecd0.dir/build
make[1]: Entering directory '/home/sankul/Hawk-VLDBJ-master/source/CMakeFiles/CMakeTmp'
Building C object CMakeFiles/cmTC_9ecd0.dir/CheckSymbolExists.c.o
/usr/bin/cc    -o CMakeFiles/cmTC_9ecd0.dir/CheckSymbolExists.c.o   -c /home/sankul/Hawk-VLDBJ-master/source/CMakeFiles/CMakeTmp/CheckSymbolExists.c
Linking C executable cmTC_9ecd0
/usr/bin/cmake -E cmake_link_script CMakeFiles/cmTC_9ecd0.dir/link.txt --verbose=1
/usr/bin/cc      -rdynamic CMakeFiles/cmTC_9ecd0.dir/CheckSymbolExists.c.o  -o cmTC_9ecd0 
CMakeFiles/cmTC_9ecd0.dir/CheckSymbolExists.c.o: In function `main':
CheckSymbolExists.c:(.text+0x1b): undefined reference to `cudaMemGetInfo'
collect2: error: ld returned 1 exit status
CMakeFiles/cmTC_9ecd0.dir/build.make:97: recipe for target 'cmTC_9ecd0' failed
make[1]: *** [cmTC_9ecd0] Error 1
make[1]: Leaving directory '/home/sankul/Hawk-VLDBJ-master/source/CMakeFiles/CMakeTmp'
Makefile:126: recipe for target 'cmTC_9ecd0/fast' failed
make: *** [cmTC_9ecd0/fast] Error 2

File /home/sankul/Hawk-VLDBJ-master/source/CMakeFiles/CMakeTmp/CheckSymbolExists.c:
/* */
#include <cuda.h>
#include <cuda_runtime_api.h>

int main(int argc, char** argv)
{
  (void)argv;
#ifndef cudaMemGetInfo
  return ((int*)(&cudaMemGetInfo))[argc];
#else
  (void)argc;
  return 0;
#endif
}

Determining if the cudaMemGetInfo exist failed with the following output:
Change Dir: /home/sankul/Hawk-VLDBJ-master/source/CMakeFiles/CMakeTmp

Run Build Command:"/usr/bin/make" "cmTC_516c1/fast"
/usr/bin/make -f CMakeFiles/cmTC_516c1.dir/build.make CMakeFiles/cmTC_516c1.dir/build
make[1]: Entering directory '/home/sankul/Hawk-VLDBJ-master/source/CMakeFiles/CMakeTmp'
Building C object CMakeFiles/cmTC_516c1.dir/CheckSymbolExists.c.o
/usr/bin/cc    -o CMakeFiles/cmTC_516c1.dir/CheckSymbolExists.c.o   -c /home/sankul/Hawk-VLDBJ-master/source/CMakeFiles/CMakeTmp/CheckSymbolExists.c
Linking C executable cmTC_516c1
/usr/bin/cmake -E cmake_link_script CMakeFiles/cmTC_516c1.dir/link.txt --verbose=1
/usr/bin/cc      -rdynamic CMakeFiles/cmTC_516c1.dir/CheckSymbolExists.c.o  -o cmTC_516c1 
CMakeFiles/cmTC_516c1.dir/CheckSymbolExists.c.o: In function `main':
CheckSymbolExists.c:(.text+0x1b): undefined reference to `cudaMemGetInfo'
collect2: error: ld returned 1 exit status
CMakeFiles/cmTC_516c1.dir/build.make:97: recipe for target 'cmTC_516c1' failed
make[1]: *** [cmTC_516c1] Error 1
make[1]: Leaving directory '/home/sankul/Hawk-VLDBJ-master/source/CMakeFiles/CMakeTmp'
Makefile:126: recipe for target 'cmTC_516c1/fast' failed
make: *** [cmTC_516c1/fast] Error 2

File /home/sankul/Hawk-VLDBJ-master/source/CMakeFiles/CMakeTmp/CheckSymbolExists.c:
/* */
#include <cuda.h>
#include <cuda_runtime_api.h>

int main(int argc, char** argv)
{
  (void)argv;
#ifndef cudaMemGetInfo
  return ((int*)(&cudaMemGetInfo))[argc];
#else
  (void)argc;
  return 0;
#endif
}

Determining if the cudaMemGetInfo exist failed with the following output:
Change Dir: /home/sankul/Hawk-VLDBJ-master/source/CMakeFiles/CMakeTmp

Run Build Command:"/usr/bin/make" "cmTC_9ea11/fast"
/usr/bin/make -f CMakeFiles/cmTC_9ea11.dir/build.make CMakeFiles/cmTC_9ea11.dir/build
make[1]: Entering directory '/home/sankul/Hawk-VLDBJ-master/source/CMakeFiles/CMakeTmp'
Building C object CMakeFiles/cmTC_9ea11.dir/CheckSymbolExists.c.o
/usr/bin/cc    -o CMakeFiles/cmTC_9ea11.dir/CheckSymbolExists.c.o   -c /home/sankul/Hawk-VLDBJ-master/source/CMakeFiles/CMakeTmp/CheckSymbolExists.c
Linking C executable cmTC_9ea11
/usr/bin/cmake -E cmake_link_script CMakeFiles/cmTC_9ea11.dir/link.txt --verbose=1
/usr/bin/cc      -rdynamic CMakeFiles/cmTC_9ea11.dir/CheckSymbolExists.c.o  -o cmTC_9ea11 
CMakeFiles/cmTC_9ea11.dir/CheckSymbolExists.c.o: In function `main':
CheckSymbolExists.c:(.text+0x1b): undefined reference to `cudaMemGetInfo'
collect2: error: ld returned 1 exit status
CMakeFiles/cmTC_9ea11.dir/build.make:97: recipe for target 'cmTC_9ea11' failed
make[1]: *** [cmTC_9ea11] Error 1
make[1]: Leaving directory '/home/sankul/Hawk-VLDBJ-master/source/CMakeFiles/CMakeTmp'
Makefile:126: recipe for target 'cmTC_9ea11/fast' failed
make: *** [cmTC_9ea11/fast] Error 2

File /home/sankul/Hawk-VLDBJ-master/source/CMakeFiles/CMakeTmp/CheckSymbolExists.c:
/* */
#include <cuda.h>
#include <cuda_runtime_api.h>

int main(int argc, char** argv)
{
  (void)argv;
#ifndef cudaMemGetInfo
  return ((int*)(&cudaMemGetInfo))[argc];
#else
  (void)argc;
  return 0;
#endif
}

Determining if the cudaMemGetInfo exist failed with the following output:
Change Dir: /home/sankul/Hawk-VLDBJ-master/source/CMakeFiles/CMakeTmp

Run Build Command:"/usr/bin/make" "cmTC_5f366/fast"
/usr/bin/make -f CMakeFiles/cmTC_5f366.dir/build.make CMakeFiles/cmTC_5f366.dir/build
make[1]: Entering directory '/home/sankul/Hawk-VLDBJ-master/source/CMakeFiles/CMakeTmp'
Building C object CMakeFiles/cmTC_5f366.dir/CheckSymbolExists.c.o
/usr/bin/cc    -o CMakeFiles/cmTC_5f366.dir/CheckSymbolExists.c.o   -c /home/sankul/Hawk-VLDBJ-master/source/CMakeFiles/CMakeTmp/CheckSymbolExists.c
Linking C executable cmTC_5f366
/usr/bin/cmake -E cmake_link_script CMakeFiles/cmTC_5f366.dir/link.txt --verbose=1
/usr/bin/cc      -rdynamic CMakeFiles/cmTC_5f366.dir/CheckSymbolExists.c.o  -o cmTC_5f366 
CMakeFiles/cmTC_5f366.dir/CheckSymbolExists.c.o: In function `main':
CheckSymbolExists.c:(.text+0x1b): undefined reference to `cudaMemGetInfo'
collect2: error: ld returned 1 exit status
CMakeFiles/cmTC_5f366.dir/build.make:97: recipe for target 'cmTC_5f366' failed
make[1]: *** [cmTC_5f366] Error 1
make[1]: Leaving directory '/home/sankul/Hawk-VLDBJ-master/source/CMakeFiles/CMakeTmp'
Makefile:126: recipe for target 'cmTC_5f366/fast' failed
make: *** [cmTC_5f366/fast] Error 2

File /home/sankul/Hawk-VLDBJ-master/source/CMakeFiles/CMakeTmp/CheckSymbolExists.c:
/* */
#include <cuda.h>
#include <cuda_runtime_api.h>

int main(int argc, char** argv)
{
  (void)argv;
#ifndef cudaMemGetInfo
  return ((int*)(&cudaMemGetInfo))[argc];
#else
  (void)argc;
  return 0;
#endif
}

Determining if the cudaMemGetInfo exist failed with the following output:
Change Dir: /home/sankul/Hawk-VLDBJ-master/source/CMakeFiles/CMakeTmp

Run Build Command:"/usr/bin/make" "cmTC_7df69/fast"
/usr/bin/make -f CMakeFiles/cmTC_7df69.dir/build.make CMakeFiles/cmTC_7df69.dir/build
make[1]: Entering directory '/home/sankul/Hawk-VLDBJ-master/source/CMakeFiles/CMakeTmp'
Building C object CMakeFiles/cmTC_7df69.dir/CheckSymbolExists.c.o
/usr/bin/cc    -o CMakeFiles/cmTC_7df69.dir/CheckSymbolExists.c.o   -c /home/sankul/Hawk-VLDBJ-master/source/CMakeFiles/CMakeTmp/CheckSymbolExists.c
Linking C executable cmTC_7df69
/usr/bin/cmake -E cmake_link_script CMakeFiles/cmTC_7df69.dir/link.txt --verbose=1
/usr/bin/cc      -rdynamic CMakeFiles/cmTC_7df69.dir/CheckSymbolExists.c.o  -o cmTC_7df69 
CMakeFiles/cmTC_7df69.dir/CheckSymbolExists.c.o: In function `main':
CheckSymbolExists.c:(.text+0x1b): undefined reference to `cudaMemGetInfo'
collect2: error: ld returned 1 exit status
CMakeFiles/cmTC_7df69.dir/build.make:97: recipe for target 'cmTC_7df69' failed
make[1]: *** [cmTC_7df69] Error 1
make[1]: Leaving directory '/home/sankul/Hawk-VLDBJ-master/source/CMakeFiles/CMakeTmp'
Makefile:126: recipe for target 'cmTC_7df69/fast' failed
make: *** [cmTC_7df69/fast] Error 2

File /home/sankul/Hawk-VLDBJ-master/source/CMakeFiles/CMakeTmp/CheckSymbolExists.c:
/* */
#include <cuda.h>
#include <cuda_runtime_api.h>

int main(int argc, char** argv)
{
  (void)argv;
#ifndef cudaMemGetInfo
  return ((int*)(&cudaMemGetInfo))[argc];
#else
  (void)argc;
  return 0;
#endif
}

Determining if the cudaMemGetInfo exist failed with the following output:
Change Dir: /home/sankul/Hawk-VLDBJ-master/source/CMakeFiles/CMakeTmp

Run Build Command:"/usr/bin/make" "cmTC_f95d4/fast"
/usr/bin/make -f CMakeFiles/cmTC_f95d4.dir/build.make CMakeFiles/cmTC_f95d4.dir/build
make[1]: Entering directory '/home/sankul/Hawk-VLDBJ-master/source/CMakeFiles/CMakeTmp'
Building C object CMakeFiles/cmTC_f95d4.dir/CheckSymbolExists.c.o
/usr/bin/cc    -o CMakeFiles/cmTC_f95d4.dir/CheckSymbolExists.c.o   -c /home/sankul/Hawk-VLDBJ-master/source/CMakeFiles/CMakeTmp/CheckSymbolExists.c
Linking C executable cmTC_f95d4
/usr/bin/cmake -E cmake_link_script CMakeFiles/cmTC_f95d4.dir/link.txt --verbose=1
/usr/bin/cc      -rdynamic CMakeFiles/cmTC_f95d4.dir/CheckSymbolExists.c.o  -o cmTC_f95d4 
CMakeFiles/cmTC_f95d4.dir/CheckSymbolExists.c.o: In function `main':
CheckSymbolExists.c:(.text+0x1b): undefined reference to `cudaMemGetInfo'
collect2: error: ld returned 1 exit status
CMakeFiles/cmTC_f95d4.dir/build.make:97: recipe for target 'cmTC_f95d4' failed
make[1]: *** [cmTC_f95d4] Error 1
make[1]: Leaving directory '/home/sankul/Hawk-VLDBJ-master/source/CMakeFiles/CMakeTmp'
Makefile:126: recipe for target 'cmTC_f95d4/fast' failed
make: *** [cmTC_f95d4/fast] Error 2

File /home/sankul/Hawk-VLDBJ-master/source/CMakeFiles/CMakeTmp/CheckSymbolExists.c:
/* */
#include <cuda.h>
#include <cuda_runtime_api.h>

int main(int argc, char** argv)
{
  (void)argv;
#ifndef cudaMemGetInfo
  return ((int*)(&cudaMemGetInfo))[argc];
#else
  (void)argc;
  return 0;
#endif
}

Determining if the cudaMemGetInfo exist failed with the following output:
Change Dir: /home/sankul/Hawk-VLDBJ-master/source/CMakeFiles/CMakeTmp

Run Build Command:"/usr/bin/make" "cmTC_92b9a/fast"
/usr/bin/make -f CMakeFiles/cmTC_92b9a.dir/build.make CMakeFiles/cmTC_92b9a.dir/build
make[1]: Entering directory '/home/sankul/Hawk-VLDBJ-master/source/CMakeFiles/CMakeTmp'
Building C object CMakeFiles/cmTC_92b9a.dir/CheckSymbolExists.c.o
/usr/bin/cc    -o CMakeFiles/cmTC_92b9a.dir/CheckSymbolExists.c.o   -c /home/sankul/Hawk-VLDBJ-master/source/CMakeFiles/CMakeTmp/CheckSymbolExists.c
Linking C executable cmTC_92b9a
/usr/bin/cmake -E cmake_link_script CMakeFiles/cmTC_92b9a.dir/link.txt --verbose=1
/usr/bin/cc      -rdynamic CMakeFiles/cmTC_92b9a.dir/CheckSymbolExists.c.o  -o cmTC_92b9a 
CMakeFiles/cmTC_92b9a.dir/CheckSymbolExists.c.o: In function `main':
CheckSymbolExists.c:(.text+0x1b): undefined reference to `cudaMemGetInfo'
collect2: error: ld returned 1 exit status
CMakeFiles/cmTC_92b9a.dir/build.make:97: recipe for target 'cmTC_92b9a' failed
make[1]: *** [cmTC_92b9a] Error 1
make[1]: Leaving directory '/home/sankul/Hawk-VLDBJ-master/source/CMakeFiles/CMakeTmp'
Makefile:126: recipe for target 'cmTC_92b9a/fast' failed
make: *** [cmTC_92b9a/fast] Error 2

File /home/sankul/Hawk-VLDBJ-master/source/CMakeFiles/CMakeTmp/CheckSymbolExists.c:
/* */
#include <cuda.h>
#include <cuda_runtime_api.h>

int main(int argc, char** argv)
{
  (void)argv;
#ifndef cudaMemGetInfo
  return ((int*)(&cudaMemGetInfo))[argc];
#else
  (void)argc;
  return 0;
#endif
}

Determining if the pthread_create exist failed with the following output:
Change Dir: /home/sankul/Hawk-VLDBJ-master/source/CMakeFiles/CMakeTmp

Run Build Command:"/usr/bin/make" "cmTC_43490/fast"
/usr/bin/make -f CMakeFiles/cmTC_43490.dir/build.make CMakeFiles/cmTC_43490.dir/build
make[1]: Entering directory '/home/sankul/Hawk-VLDBJ-master/source/CMakeFiles/CMakeTmp'
Building C object CMakeFiles/cmTC_43490.dir/CheckSymbolExists.c.o
/usr/bin/cc    -o CMakeFiles/cmTC_43490.dir/CheckSymbolExists.c.o   -c /home/sankul/Hawk-VLDBJ-master/source/CMakeFiles/CMakeTmp/CheckSymbolExists.c
Linking C executable cmTC_43490
/usr/bin/cmake -E cmake_link_script CMakeFiles/cmTC_43490.dir/link.txt --verbose=1
/usr/bin/cc      -rdynamic CMakeFiles/cmTC_43490.dir/CheckSymbolExists.c.o  -o cmTC_43490 
CMakeFiles/cmTC_43490.dir/CheckSymbolExists.c.o: In function `main':
CheckSymbolExists.c:(.text+0x1b): undefined reference to `pthread_create'
collect2: error: ld returned 1 exit status
CMakeFiles/cmTC_43490.dir/build.make:97: recipe for target 'cmTC_43490' failed
make[1]: *** [cmTC_43490] Error 1
make[1]: Leaving directory '/home/sankul/Hawk-VLDBJ-master/source/CMakeFiles/CMakeTmp'
Makefile:126: recipe for target 'cmTC_43490/fast' failed
make: *** [cmTC_43490/fast] Error 2

File /home/sankul/Hawk-VLDBJ-master/source/CMakeFiles/CMakeTmp/CheckSymbolExists.c:
/* */
#include <pthread.h>

int main(int argc, char** argv)
{
  (void)argv;
#ifndef pthread_create
  return ((int*)(&pthread_create))[argc];
#else
  (void)argc;
  return 0;
#endif
}

Determining if the function pthread_create exists in the pthreads failed with the following output:
Change Dir: /home/sankul/Hawk-VLDBJ-master/source/CMakeFiles/CMakeTmp

Run Build Command:"/usr/bin/make" "cmTC_6c68f/fast"
/usr/bin/make -f CMakeFiles/cmTC_6c68f.dir/build.make CMakeFiles/cmTC_6c68f.dir/build
make[1]: Entering directory '/home/sankul/Hawk-VLDBJ-master/source/CMakeFiles/CMakeTmp'
Building C object CMakeFiles/cmTC_6c68f.dir/CheckFunctionExists.c.o
/usr/bin/cc   -DCHECK_FUNCTION_EXISTS=pthread_create   -o CMakeFiles/cmTC_6c68f.dir/CheckFunctionExists.c.o   -c /usr/share/cmake-3.10/Modules/CheckFunctionExists.c
Linking C executable cmTC_6c68f
/usr/bin/cmake -E cmake_link_script CMakeFiles/cmTC_6c68f.dir/link.txt --verbose=1
/usr/bin/cc  -DCHECK_FUNCTION_EXISTS=pthread_create    -rdynamic CMakeFiles/cmTC_6c68f.dir/CheckFunctionExists.c.o  -o cmTC_6c68f -lpthreads 
/usr/bin/ld: cannot find -lpthreads
collect2: error: ld returned 1 exit status
CMakeFiles/cmTC_6c68f.dir/build.make:97: recipe for target 'cmTC_6c68f' failed
make[1]: *** [cmTC_6c68f] Error 1
make[1]: Leaving directory '/home/sankul/Hawk-VLDBJ-master/source/CMakeFiles/CMakeTmp'
Makefile:126: recipe for target 'cmTC_6c68f/fast' failed
make: *** [cmTC_6c68f/fast] Error 2


Determining if the include file rapidjson/schema.h exists failed with the following output:
Change Dir: /home/sankul/Hawk-VLDBJ-master/source/CMakeFiles/CMakeTmp

Run Build Command:"/usr/bin/make" "cmTC_5c850/fast"
/usr/bin/make -f CMakeFiles/cmTC_5c850.dir/build.make CMakeFiles/cmTC_5c850.dir/build
make[1]: Entering directory '/home/sankul/Hawk-VLDBJ-master/source/CMakeFiles/CMakeTmp'
Building CXX object CMakeFiles/cmTC_5c850.dir/CheckIncludeFile.cxx.o
/usr/bin/c++    -fopenmp -I/usr/lib/llvm-3.6/include  -DNDEBUG -D_GNU_SOURCE -D__STDC_CONSTANT_MACROS -D__STDC_FORMAT_MACROS -D__STDC_LIMIT_MACROS    -o CMakeFiles/cmTC_5c850.dir/CheckIncludeFile.cxx.o -c /home/sankul/Hawk-VLDBJ-master/source/CMakeFiles/CMakeTmp/CheckIncludeFile.cxx
/home/sankul/Hawk-VLDBJ-master/source/CMakeFiles/CMakeTmp/CheckIncludeFile.cxx:1:10: fatal error: rapidjson/schema.h: No such file or directory
 #include <rapidjson/schema.h>
          ^~~~~~~~~~~~~~~~~~~~
compilation terminated.
CMakeFiles/cmTC_5c850.dir/build.make:65: recipe for target 'CMakeFiles/cmTC_5c850.dir/CheckIncludeFile.cxx.o' failed
make[1]: *** [CMakeFiles/cmTC_5c850.dir/CheckIncludeFile.cxx.o] Error 1
make[1]: Leaving directory '/home/sankul/Hawk-VLDBJ-master/source/CMakeFiles/CMakeTmp'
Makefile:126: recipe for target 'cmTC_5c850/fast' failed
make: *** [cmTC_5c850/fast] Error 2


Determining if the pthread_create exist failed with the following output:
Change Dir: /home/sankul/Hawk-VLDBJ-master/source/CMakeFiles/CMakeTmp

Run Build Command:"/usr/bin/make" "cmTC_73578/fast"
make[1]: Entering directory '/home/sankul/Hawk-VLDBJ-master/source/CMakeFiles/CMakeTmp'
/usr/bin/make -f CMakeFiles/cmTC_73578.dir/build.make CMakeFiles/cmTC_73578.dir/build
make[2]: Entering directory '/home/sankul/Hawk-VLDBJ-master/source/CMakeFiles/CMakeTmp'
Building C object CMakeFiles/cmTC_73578.dir/CheckSymbolExists.c.o
/usr/bin/cc    -o CMakeFiles/cmTC_73578.dir/CheckSymbolExists.c.o   -c /home/sankul/Hawk-VLDBJ-master/source/CMakeFiles/CMakeTmp/CheckSymbolExists.c
Linking C executable cmTC_73578
/usr/bin/cmake -E cmake_link_script CMakeFiles/cmTC_73578.dir/link.txt --verbose=1
/usr/bin/cc      -rdynamic CMakeFiles/cmTC_73578.dir/CheckSymbolExists.c.o  -o cmTC_73578 
CMakeFiles/cmTC_73578.dir/CheckSymbolExists.c.o: In function `main':
CheckSymbolExists.c:(.text+0x1b): undefined reference to `pthread_create'
collect2: error: ld returned 1 exit status
CMakeFiles/cmTC_73578.dir/build.make:97: recipe for target 'cmTC_73578' failed
make[2]: *** [cmTC_73578] Error 1
make[2]: Leaving directory '/home/sankul/Hawk-VLDBJ-master/source/CMakeFiles/CMakeTmp'
Makefile:126: recipe for target 'cmTC_73578/fast' failed
make[1]: *** [cmTC_73578/fast] Error 2
make[1]: Leaving directory '/home/sankul/Hawk-VLDBJ-master/source/CMakeFiles/CMakeTmp'

File /home/sankul/Hawk-VLDBJ-master/source/CMakeFiles/CMakeTmp/CheckSymbolExists.c:
/* */
#include <pthread.h>

int main(int argc, char** argv)
{
  (void)argv;
#ifndef pthread_create
  return ((int*)(&pthread_create))[argc];
#else
  (void)argc;
  return 0;
#endif
}

Determining if the function pthread_create exists in the pthreads failed with the following output:
Change Dir: /home/sankul/Hawk-VLDBJ-master/source/CMakeFiles/CMakeTmp

Run Build Command:"/usr/bin/make" "cmTC_5a434/fast"
make[1]: Entering directory '/home/sankul/Hawk-VLDBJ-master/source/CMakeFiles/CMakeTmp'
/usr/bin/make -f CMakeFiles/cmTC_5a434.dir/build.make CMakeFiles/cmTC_5a434.dir/build
make[2]: Entering directory '/home/sankul/Hawk-VLDBJ-master/source/CMakeFiles/CMakeTmp'
Building C object CMakeFiles/cmTC_5a434.dir/CheckFunctionExists.c.o
/usr/bin/cc   -DCHECK_FUNCTION_EXISTS=pthread_create   -o CMakeFiles/cmTC_5a434.dir/CheckFunctionExists.c.o   -c /usr/share/cmake-3.10/Modules/CheckFunctionExists.c
Linking C executable cmTC_5a434
/usr/bin/cmake -E cmake_link_script CMakeFiles/cmTC_5a434.dir/link.txt --verbose=1
/usr/bin/cc  -DCHECK_FUNCTION_EXISTS=pthread_create    -rdynamic CMakeFiles/cmTC_5a434.dir/CheckFunctionExists.c.o  -o cmTC_5a434 -lpthreads 
/usr/bin/ld: cannot find -lpthreads
collect2: error: ld returned 1 exit status
CMakeFiles/cmTC_5a434.dir/build.make:97: recipe for target 'cmTC_5a434' failed
make[2]: *** [cmTC_5a434] Error 1
make[2]: Leaving directory '/home/sankul/Hawk-VLDBJ-master/source/CMakeFiles/CMakeTmp'
Makefile:126: recipe for target 'cmTC_5a434/fast' failed
make[1]: *** [cmTC_5a434/fast] Error 2
make[1]: Leaving directory '/home/sankul/Hawk-VLDBJ-master/source/CMakeFiles/CMakeTmp'


Determining if the include file rapidjson/schema.h exists failed with the following output:
Change Dir: /home/sankul/Hawk-VLDBJ-master/source/CMakeFiles/CMakeTmp

Run Build Command:"/usr/bin/make" "cmTC_fec51/fast"
make[1]: Entering directory '/home/sankul/Hawk-VLDBJ-master/source/CMakeFiles/CMakeTmp'
/usr/bin/make -f CMakeFiles/cmTC_fec51.dir/build.make CMakeFiles/cmTC_fec51.dir/build
make[2]: Entering directory '/home/sankul/Hawk-VLDBJ-master/source/CMakeFiles/CMakeTmp'
Building CXX object CMakeFiles/cmTC_fec51.dir/CheckIncludeFile.cxx.o
/usr/bin/c++    -fopenmp -I/usr/lib/llvm-3.6/include  -DNDEBUG -D_GNU_SOURCE -D__STDC_CONSTANT_MACROS -D__STDC_FORMAT_MACROS -D__STDC_LIMIT_MACROS    -o CMakeFiles/cmTC_fec51.dir/CheckIncludeFile.cxx.o -c /home/sankul/Hawk-VLDBJ-master/source/CMakeFiles/CMakeTmp/CheckIncludeFile.cxx
/home/sankul/Hawk-VLDBJ-master/source/CMakeFiles/CMakeTmp/CheckIncludeFile.cxx:1:10: fatal error: rapidjson/schema.h: No such file or directory
 #include <rapidjson/schema.h>
          ^~~~~~~~~~~~~~~~~~~~
compilation terminated.
CMakeFiles/cmTC_fec51.dir/build.make:65: recipe for target 'CMakeFiles/cmTC_fec51.dir/CheckIncludeFile.cxx.o' failed
make[2]: *** [CMakeFiles/cmTC_fec51.dir/CheckIncludeFile.cxx.o] Error 1
make[2]: Leaving directory '/home/sankul/Hawk-VLDBJ-master/source/CMakeFiles/CMakeTmp'
Makefile:126: recipe for target 'cmTC_fec51/fast' failed
make[1]: *** [cmTC_fec51/fast] Error 2
make[1]: Leaving directory '/home/sankul/Hawk-VLDBJ-master/source/CMakeFiles/CMakeTmp'


Determining if the pthread_create exist failed with the following output:
Change Dir: /home/sankul/Hawk-VLDBJ-master/source/CMakeFiles/CMakeTmp

Run Build Command:"/usr/bin/make" "cmTC_9d12f/fast"
/usr/bin/make -f CMakeFiles/cmTC_9d12f.dir/build.make CMakeFiles/cmTC_9d12f.dir/build
make[1]: Entering directory '/home/sankul/Hawk-VLDBJ-master/source/CMakeFiles/CMakeTmp'
Building C object CMakeFiles/cmTC_9d12f.dir/CheckSymbolExists.c.o
/usr/bin/cc    -o CMakeFiles/cmTC_9d12f.dir/CheckSymbolExists.c.o   -c /home/sankul/Hawk-VLDBJ-master/source/CMakeFiles/CMakeTmp/CheckSymbolExists.c
Linking C executable cmTC_9d12f
/usr/bin/cmake -E cmake_link_script CMakeFiles/cmTC_9d12f.dir/link.txt --verbose=1
/usr/bin/cc      -rdynamic CMakeFiles/cmTC_9d12f.dir/CheckSymbolExists.c.o  -o cmTC_9d12f 
CMakeFiles/cmTC_9d12f.dir/CheckSymbolExists.c.o: In function `main':
CheckSymbolExists.c:(.text+0x1b): undefined reference to `pthread_create'
collect2: error: ld returned 1 exit status
CMakeFiles/cmTC_9d12f.dir/build.make:97: recipe for target 'cmTC_9d12f' failed
make[1]: *** [cmTC_9d12f] Error 1
make[1]: Leaving directory '/home/sankul/Hawk-VLDBJ-master/source/CMakeFiles/CMakeTmp'
Makefile:126: recipe for target 'cmTC_9d12f/fast' failed
make: *** [cmTC_9d12f/fast] Error 2

File /home/sankul/Hawk-VLDBJ-master/source/CMakeFiles/CMakeTmp/CheckSymbolExists.c:
/* */
#include <pthread.h>

int main(int argc, char** argv)
{
  (void)argv;
#ifndef pthread_create
  return ((int*)(&pthread_create))[argc];
#else
  (void)argc;
  return 0;
#endif
}

Determining if the function pthread_create exists in the pthreads failed with the following output:
Change Dir: /home/sankul/Hawk-VLDBJ-master/source/CMakeFiles/CMakeTmp

Run Build Command:"/usr/bin/make" "cmTC_96915/fast"
/usr/bin/make -f CMakeFiles/cmTC_96915.dir/build.make CMakeFiles/cmTC_96915.dir/build
make[1]: Entering directory '/home/sankul/Hawk-VLDBJ-master/source/CMakeFiles/CMakeTmp'
Building C object CMakeFiles/cmTC_96915.dir/CheckFunctionExists.c.o
/usr/bin/cc   -DCHECK_FUNCTION_EXISTS=pthread_create   -o CMakeFiles/cmTC_96915.dir/CheckFunctionExists.c.o   -c /usr/share/cmake-3.10/Modules/CheckFunctionExists.c
Linking C executable cmTC_96915
/usr/bin/cmake -E cmake_link_script CMakeFiles/cmTC_96915.dir/link.txt --verbose=1
/usr/bin/cc  -DCHECK_FUNCTION_EXISTS=pthread_create    -rdynamic CMakeFiles/cmTC_96915.dir/CheckFunctionExists.c.o  -o cmTC_96915 -lpthreads 
/usr/bin/ld: cannot find -lpthreads
collect2: error: ld returned 1 exit status
CMakeFiles/cmTC_96915.dir/build.make:97: recipe for target 'cmTC_96915' failed
make[1]: *** [cmTC_96915] Error 1
make[1]: Leaving directory '/home/sankul/Hawk-VLDBJ-master/source/CMakeFiles/CMakeTmp'
Makefile:126: recipe for target 'cmTC_96915/fast' failed
make: *** [cmTC_96915/fast] Error 2


Determining if the include file rapidjson/schema.h exists failed with the following output:
Change Dir: /home/sankul/Hawk-VLDBJ-master/source/CMakeFiles/CMakeTmp

Run Build Command:"/usr/bin/make" "cmTC_72228/fast"
/usr/bin/make -f CMakeFiles/cmTC_72228.dir/build.make CMakeFiles/cmTC_72228.dir/build
make[1]: Entering directory '/home/sankul/Hawk-VLDBJ-master/source/CMakeFiles/CMakeTmp'
Building CXX object CMakeFiles/cmTC_72228.dir/CheckIncludeFile.cxx.o
/usr/bin/c++    -fopenmp -I/usr/lib/llvm-3.6/include  -DNDEBUG -D_GNU_SOURCE -D__STDC_CONSTANT_MACROS -D__STDC_FORMAT_MACROS -D__STDC_LIMIT_MACROS    -o CMakeFiles/cmTC_72228.dir/CheckIncludeFile.cxx.o -c /home/sankul/Hawk-VLDBJ-master/source/CMakeFiles/CMakeTmp/CheckIncludeFile.cxx
/home/sankul/Hawk-VLDBJ-master/source/CMakeFiles/CMakeTmp/CheckIncludeFile.cxx:1:10: fatal error: rapidjson/schema.h: No such file or directory
 #include <rapidjson/schema.h>
          ^~~~~~~~~~~~~~~~~~~~
compilation terminated.
CMakeFiles/cmTC_72228.dir/build.make:65: recipe for target 'CMakeFiles/cmTC_72228.dir/CheckIncludeFile.cxx.o' failed
make[1]: *** [CMakeFiles/cmTC_72228.dir/CheckIncludeFile.cxx.o] Error 1
make[1]: Leaving directory '/home/sankul/Hawk-VLDBJ-master/source/CMakeFiles/CMakeTmp'
Makefile:126: recipe for target 'cmTC_72228/fast' failed
make: *** [cmTC_72228/fast] Error 2


Determining if the pthread_create exist failed with the following output:
Change Dir: /home/sankul/Hawk-VLDBJ-master/source/CMakeFiles/CMakeTmp

Run Build Command:"/usr/bin/make" "cmTC_47c0d/fast"
/usr/bin/make -f CMakeFiles/cmTC_47c0d.dir/build.make CMakeFiles/cmTC_47c0d.dir/build
make[1]: Entering directory '/home/sankul/Hawk-VLDBJ-master/source/CMakeFiles/CMakeTmp'
Building C object CMakeFiles/cmTC_47c0d.dir/CheckSymbolExists.c.o
/usr/bin/cc    -o CMakeFiles/cmTC_47c0d.dir/CheckSymbolExists.c.o   -c /home/sankul/Hawk-VLDBJ-master/source/CMakeFiles/CMakeTmp/CheckSymbolExists.c
Linking C executable cmTC_47c0d
/usr/bin/cmake -E cmake_link_script CMakeFiles/cmTC_47c0d.dir/link.txt --verbose=1
/usr/bin/cc      -rdynamic CMakeFiles/cmTC_47c0d.dir/CheckSymbolExists.c.o  -o cmTC_47c0d 
CMakeFiles/cmTC_47c0d.dir/CheckSymbolExists.c.o: In function `main':
CheckSymbolExists.c:(.text+0x1b): undefined reference to `pthread_create'
collect2: error: ld returned 1 exit status
CMakeFiles/cmTC_47c0d.dir/build.make:97: recipe for target 'cmTC_47c0d' failed
make[1]: *** [cmTC_47c0d] Error 1
make[1]: Leaving directory '/home/sankul/Hawk-VLDBJ-master/source/CMakeFiles/CMakeTmp'
Makefile:126: recipe for target 'cmTC_47c0d/fast' failed
make: *** [cmTC_47c0d/fast] Error 2

File /home/sankul/Hawk-VLDBJ-master/source/CMakeFiles/CMakeTmp/CheckSymbolExists.c:
/* */
#include <pthread.h>

int main(int argc, char** argv)
{
  (void)argv;
#ifndef pthread_create
  return ((int*)(&pthread_create))[argc];
#else
  (void)argc;
  return 0;
#endif
}

Determining if the function pthread_create exists in the pthreads failed with the following output:
Change Dir: /home/sankul/Hawk-VLDBJ-master/source/CMakeFiles/CMakeTmp

Run Build Command:"/usr/bin/make" "cmTC_bb833/fast"
/usr/bin/make -f CMakeFiles/cmTC_bb833.dir/build.make CMakeFiles/cmTC_bb833.dir/build
make[1]: Entering directory '/home/sankul/Hawk-VLDBJ-master/source/CMakeFiles/CMakeTmp'
Building C object CMakeFiles/cmTC_bb833.dir/CheckFunctionExists.c.o
/usr/bin/cc   -DCHECK_FUNCTION_EXISTS=pthread_create   -o CMakeFiles/cmTC_bb833.dir/CheckFunctionExists.c.o   -c /usr/share/cmake-3.10/Modules/CheckFunctionExists.c
Linking C executable cmTC_bb833
/usr/bin/cmake -E cmake_link_script CMakeFiles/cmTC_bb833.dir/link.txt --verbose=1
/usr/bin/cc  -DCHECK_FUNCTION_EXISTS=pthread_create    -rdynamic CMakeFiles/cmTC_bb833.dir/CheckFunctionExists.c.o  -o cmTC_bb833 -lpthreads 
/usr/bin/ld: cannot find -lpthreads
collect2: error: ld returned 1 exit status
CMakeFiles/cmTC_bb833.dir/build.make:97: recipe for target 'cmTC_bb833' failed
make[1]: *** [cmTC_bb833] Error 1
make[1]: Leaving directory '/home/sankul/Hawk-VLDBJ-master/source/CMakeFiles/CMakeTmp'
Makefile:126: recipe for target 'cmTC_bb833/fast' failed
make: *** [cmTC_bb833/fast] Error 2


Determining if the include file rapidjson/schema.h exists failed with the following output:
Change Dir: /home/sankul/Hawk-VLDBJ-master/source/CMakeFiles/CMakeTmp

Run Build Command:"/usr/bin/make" "cmTC_3cfe7/fast"
/usr/bin/make -f CMakeFiles/cmTC_3cfe7.dir/build.make CMakeFiles/cmTC_3cfe7.dir/build
make[1]: Entering directory '/home/sankul/Hawk-VLDBJ-master/source/CMakeFiles/CMakeTmp'
Building CXX object CMakeFiles/cmTC_3cfe7.dir/CheckIncludeFile.cxx.o
/usr/bin/c++    -fopenmp -I/usr/lib/llvm-3.6/include  -DNDEBUG -D_GNU_SOURCE -D__STDC_CONSTANT_MACROS -D__STDC_FORMAT_MACROS -D__STDC_LIMIT_MACROS    -o CMakeFiles/cmTC_3cfe7.dir/CheckIncludeFile.cxx.o -c /home/sankul/Hawk-VLDBJ-master/source/CMakeFiles/CMakeTmp/CheckIncludeFile.cxx
/home/sankul/Hawk-VLDBJ-master/source/CMakeFiles/CMakeTmp/CheckIncludeFile.cxx:1:10: fatal error: rapidjson/schema.h: No such file or directory
 #include <rapidjson/schema.h>
          ^~~~~~~~~~~~~~~~~~~~
compilation terminated.
CMakeFiles/cmTC_3cfe7.dir/build.make:65: recipe for target 'CMakeFiles/cmTC_3cfe7.dir/CheckIncludeFile.cxx.o' failed
make[1]: *** [CMakeFiles/cmTC_3cfe7.dir/CheckIncludeFile.cxx.o] Error 1
make[1]: Leaving directory '/home/sankul/Hawk-VLDBJ-master/source/CMakeFiles/CMakeTmp'
Makefile:126: recipe for target 'cmTC_3cfe7/fast' failed
make: *** [cmTC_3cfe7/fast] Error 2


Determining if the cudaMemGetInfo exist failed with the following output:
Change Dir: /home/sankul/Hawk-VLDBJ-master/source/CMakeFiles/CMakeTmp

Run Build Command:"/usr/bin/make" "cmTC_4925c/fast"
/usr/bin/make -f CMakeFiles/cmTC_4925c.dir/build.make CMakeFiles/cmTC_4925c.dir/build
make[1]: Entering directory '/home/sankul/Hawk-VLDBJ-master/source/CMakeFiles/CMakeTmp'
Building C object CMakeFiles/cmTC_4925c.dir/CheckSymbolExists.c.o
/usr/bin/cc  -I/usr/local/cuda-9.2   -o CMakeFiles/cmTC_4925c.dir/CheckSymbolExists.c.o   -c /home/sankul/Hawk-VLDBJ-master/source/CMakeFiles/CMakeTmp/CheckSymbolExists.c
Linking C executable cmTC_4925c
/usr/bin/cmake -E cmake_link_script CMakeFiles/cmTC_4925c.dir/link.txt --verbose=1
/usr/bin/cc      -rdynamic CMakeFiles/cmTC_4925c.dir/CheckSymbolExists.c.o  -o cmTC_4925c 
CMakeFiles/cmTC_4925c.dir/CheckSymbolExists.c.o: In function `main':
CheckSymbolExists.c:(.text+0x1b): undefined reference to `cudaMemGetInfo'
collect2: error: ld returned 1 exit status
CMakeFiles/cmTC_4925c.dir/build.make:97: recipe for target 'cmTC_4925c' failed
make[1]: *** [cmTC_4925c] Error 1
make[1]: Leaving directory '/home/sankul/Hawk-VLDBJ-master/source/CMakeFiles/CMakeTmp'
Makefile:126: recipe for target 'cmTC_4925c/fast' failed
make: *** [cmTC_4925c/fast] Error 2

File /home/sankul/Hawk-VLDBJ-master/source/CMakeFiles/CMakeTmp/CheckSymbolExists.c:
/* */
#include <cuda.h>
#include <cuda_runtime_api.h>

int main(int argc, char** argv)
{
  (void)argv;
#ifndef cudaMemGetInfo
  return ((int*)(&cudaMemGetInfo))[argc];
#else
  (void)argc;
  return 0;
#endif
}

